Vivado Simulator 2018.3
Copyright 1986-1999, 2001-2018 Xilinx, Inc. All Rights Reserved.
Running: C:/Xilinx/Vivado/2018.3/bin/unwrapped/win64.o/xelab.exe -wto 0ef74fedcd01440fb67a24c818e599e1 --incr --debug typical --relax --mt 2 -L microblaze_v11_0_0 -L xil_defaultlib -L lmb_v10_v3_0_9 -L lmb_bram_if_cntlr_v4_0_15 -L blk_mem_gen_v8_4_2 -L axi_lite_ipif_v3_0_4 -L axi_intc_v4_1_12 -L xlconcat_v2_1_1 -L mdm_v3_2_15 -L lib_cdc_v1_0_2 -L proc_sys_reset_v5_0_13 -L generic_baseblocks_v2_1_0 -L axi_infrastructure_v1_1_0 -L axi_register_slice_v2_1_18 -L fifo_generator_v13_2_3 -L axi_data_fifo_v2_1_17 -L axi_crossbar_v2_1_19 -L iomodule_v3_1_4 -L axi_protocol_converter_v2_1_18 -L unisims_ver -L unimacro_ver -L secureip -L xpm --snapshot top_tb_behav xil_defaultlib.top_tb xil_defaultlib.glbl -log elaborate.log 
Using 2 slave threads.
Starting static elaboration
WARNING: [VRFC 10-3091] actual bit length 4 differs from formal bit length 8 for port 'm_axi_arregion' [F:/TE0712-02-100-2C3/TE0712-02-100-2C3.ip_user_files/bd/mcu/sim/mcu.v:2896]
WARNING: [VRFC 10-3091] actual bit length 4 differs from formal bit length 8 for port 'm_axi_awregion' [F:/TE0712-02-100-2C3/TE0712-02-100-2C3.ip_user_files/bd/mcu/sim/mcu.v:2908]
WARNING: [VRFC 10-3091] actual bit length 12 differs from formal bit length 8 for port 'pi_dqs_found_lanes' [F:/TE0712-02-100-2C3/TE0712-02-100-2C3.ip_user_files/bd/mcu/ip/mcu_mig_7series_0_0/mcu_mig_7series_0_0/user_design/rtl/phy/mig_7series_v4_2_ddr_mc_phy_wrapper.v:1671]
WARNING: [VRFC 10-3091] actual bit length 12 differs from formal bit length 8 for port 'pi_phase_locked_lanes' [F:/TE0712-02-100-2C3/TE0712-02-100-2C3.ip_user_files/bd/mcu/ip/mcu_mig_7series_0_0/mcu_mig_7series_0_0/user_design/rtl/phy/mig_7series_v4_2_ddr_mc_phy_wrapper.v:1679]
WARNING: [VRFC 10-3091] actual bit length 12 differs from formal bit length 8 for port 'pi_dqs_found_lanes' [F:/TE0712-02-100-2C3/TE0712-02-100-2C3.ip_user_files/bd/mcu/ip/mcu_mig_7series_0_0/mcu_mig_7series_0_0/user_design/rtl/phy/mig_7series_v4_2_ddr_phy_top.v:1340]
Completed static elaboration
Starting simulation data flow analysis
Completed simulation data flow analysis
Time Resolution for simulation is 1fs
Compiling package std.standard
Compiling package std.textio
Compiling package ieee.std_logic_1164
Compiling package ieee.numeric_std
Compiling package ieee.std_logic_arith
Compiling package ieee.std_logic_unsigned
Compiling package axi_lite_ipif_v3_0_4.ipif_pkg
Compiling package mdm_v3_2_15.mdm_funcs
Compiling package unisim.vcomponents
Compiling package ieee.vital_timing
Compiling package ieee.vital_primitives
Compiling package unisim.vpkg
Compiling package microblaze_v11_0_0.microblaze_types
Compiling package microblaze_v11_0_0.microblaze_isa
Compiling package ieee.std_logic_signed
Compiling package ieee.std_logic_textio
Compiling package microblaze_v11_0_0.mmu_types
Compiling package ieee.math_real
Compiling package synopsys.attributes
Compiling package ieee.std_logic_misc
Compiling package lmb_bram_if_cntlr_v4_0_15.lmb_bram_if_funcs
Compiling package iomodule_v3_1_4.iomodule_funcs
Compiling package iomodule_v3_1_4.iomodule_vote_pkg
Compiling architecture bscane2_v of entity unisim.BSCANE2 [\BSCANE2(jtag_chain=2)(1,5)\]
Compiling architecture imp of entity mdm_v3_2_15.MB_BSCANE2 [\MB_BSCANE2(c_target=non_rtl,jta...]
Compiling architecture bufg_v of entity unisim.BUFG [bufg_default]
Compiling architecture imp of entity mdm_v3_2_15.MB_BUFG [\MB_BUFG(c_target=non_rtl)\]
Compiling architecture muxcy_v of entity unisim.MUXCY [muxcy_default]
Compiling architecture muxcy_l_v of entity unisim.MUXCY_L [muxcy_l_default]
Compiling architecture xorcy_v of entity unisim.XORCY [xorcy_default]
Compiling architecture imp of entity mdm_v3_2_15.MB_MUXCY_XORCY [\MB_MUXCY_XORCY(c_target=non_rtl...]
Compiling architecture imp of entity mdm_v3_2_15.MB_FDRE [\MB_FDRE(c_target=non_rtl)\]
Compiling architecture imp of entity mdm_v3_2_15.MB_XORCY [\MB_XORCY(c_target=non_rtl)\]
Compiling architecture srlc32e_v of entity unisim.SRLC32E [\SRLC32E(0,31)\]
Compiling architecture imp of entity mdm_v3_2_15.MB_SRLC32E [\MB_SRLC32E(c_target=non_rtl)(1,...]
Compiling architecture imp of entity mdm_v3_2_15.SRL_FIFO [\SRL_FIFO(c_target=non_rtl,c_dat...]
Compiling architecture imp of entity mdm_v3_2_15.bus_master [\bus_master(c_target=non_rtl,c_m...]
Compiling architecture fdce_v of entity unisim.FDCE [fdce_default]
Compiling architecture fdc_1_v of entity unisim.FDC_1 [fdc_1_default]
Compiling architecture imp of entity mdm_v3_2_15.MB_FDC_1 [\MB_FDC_1(c_target=non_rtl)\]
Compiling architecture fdre_v of entity unisim.FDRE [fdre_default]
Compiling architecture fdre_1_v of entity unisim.FDRE_1 [fdre_1_default]
Compiling architecture imp of entity mdm_v3_2_15.MB_FDRE_1 [\MB_FDRE_1(c_target=non_rtl)\]
Compiling architecture srl16e_v of entity unisim.SRL16E [\SRL16E(init="0000000000100101")...]
Compiling architecture imp of entity mdm_v3_2_15.MB_SRL16E [\MB_SRL16E(c_target=non_rtl,c_st...]
Compiling architecture srl16e_v of entity unisim.SRL16E [\SRL16E(init="0000000101100111")...]
Compiling architecture imp of entity mdm_v3_2_15.MB_SRL16E [\MB_SRL16E(c_target=non_rtl,c_st...]
Compiling architecture srl16e_v of entity unisim.SRL16E [\SRL16E(init="0100001011000111")...]
Compiling architecture imp of entity mdm_v3_2_15.MB_SRL16E [\MB_SRL16E(c_target=non_rtl,c_st...]
Compiling architecture srl16e_v of entity unisim.SRL16E [\SRL16E(init="0100010001000011")...]
Compiling architecture imp of entity mdm_v3_2_15.MB_SRL16E [\MB_SRL16E(c_target=non_rtl,c_st...]
Compiling architecture srl16e_v of entity unisim.SRL16E [\SRL16E(init="0101100001001101")...]
Compiling architecture imp of entity mdm_v3_2_15.MB_SRL16E [\MB_SRL16E(c_target=non_rtl,c_st...]
Compiling architecture imp of entity mdm_v3_2_15.JTAG_CONTROL [\JTAG_CONTROL(c_target=non_rtl,c...]
Compiling architecture imp of entity mdm_v3_2_15.MDM_Core [\MDM_Core(c_target=non_rtl,c_jta...]
Compiling architecture imp of entity mdm_v3_2_15.MDM [\MDM(c_family="artix7",c_bscanid...]
Compiling architecture mcu_mdm_1_0_arch of entity xil_defaultlib.mcu_mdm_1_0 [mcu_mdm_1_0_default]
Compiling architecture imp of entity microblaze_v11_0_0.DAXI_interface [\DAXI_interface(c_data_size=32,c...]
Compiling architecture lut5_v of entity unisim.LUT5 [\LUT5(init="10101010101011000000...]
Compiling architecture imp of entity microblaze_v11_0_0.MB_LUT5 [\MB_LUT5(c_target=artix7,init="1...]
Compiling architecture lut4_v of entity unisim.LUT4 [\LUT4(init="1111111111101100")(0...]
Compiling architecture imp of entity microblaze_v11_0_0.MB_LUT4 [\MB_LUT4(c_target=artix7,init="1...]
Compiling architecture ram32x1d_v of entity unisim.RAM32X1D [ram32x1d_default]
Compiling architecture imp of entity microblaze_v11_0_0.MB_RAM32X1D [\MB_RAM32X1D(c_target=artix7,c_u...]
Compiling architecture imp of entity microblaze_v11_0_0.MB_RAM16X1D [\MB_RAM16X1D(c_target=artix7,c_u...]
Compiling architecture lut6_v of entity unisim.LUT6 [\LUT6(init="10101010111100001100...]
Compiling architecture imp of entity microblaze_v11_0_0.MB_LUT6 [\MB_LUT6(c_target=artix7,init="1...]
Compiling architecture fdse_v of entity unisim.FDSE [\FDSE(init='0')\]
Compiling architecture imp of entity microblaze_v11_0_0.MB_FDSE [\MB_FDSE(c_target=artix7,init='0...]
Compiling architecture lut6_v of entity unisim.LUT6 [\LUT6(init="10101010000011111100...]
Compiling architecture imp of entity microblaze_v11_0_0.MB_LUT6 [\MB_LUT6(c_target=artix7,init="1...]
Compiling architecture imp of entity microblaze_v11_0_0.Cache_Interface [\Cache_Interface(c_target=artix7...]
Compiling architecture imp of entity microblaze_v11_0_0.comparator [\comparator(c_target=artix7,c_is...]
Compiling architecture imp of entity microblaze_v11_0_0.cache_valid_bit_detect [\cache_valid_bit_detect(c_addr_s...]
Compiling architecture rb36_internal_vhdl_v of entity unisim.RB36_INTERNAL_VHDL [\RB36_INTERNAL_VHDL(init_a="0000...]
Compiling architecture ramb36e1_v of entity unisim.RAMB36E1 [\RAMB36E1(read_width_a=36,read_w...]
Compiling architecture imp of entity microblaze_v11_0_0.MB_RAMB36 [\MB_RAMB36(c_target=artix7,c_use...]
Compiling architecture imp of entity microblaze_v11_0_0.RAM_Module [\RAM_Module(c_id=300,c_target=ar...]
Compiling architecture rb36_internal_vhdl_v of entity unisim.RB36_INTERNAL_VHDL [\RB36_INTERNAL_VHDL(init_a="0000...]
Compiling architecture ramb36e1_v of entity unisim.RAMB36E1 [\RAMB36E1(read_width_a=4,read_wi...]
Compiling architecture imp of entity microblaze_v11_0_0.MB_RAMB36 [\MB_RAMB36(c_target=artix7,c_use...]
Compiling architecture imp of entity microblaze_v11_0_0.RAM_Module [\RAM_Module(c_id=400,c_target=ar...]
Compiling architecture imp of entity microblaze_v11_0_0.DCache_gti [\DCache_gti(c_target=artix7,c_al...]
Compiling architecture imp of entity microblaze_v11_0_0.comparator [\comparator(c_target=artix7,c_is...]
Compiling architecture imp of entity microblaze_v11_0_0.stream_cache [\stream_cache(c_target=artix7,c_...]
Compiling architecture lru_module of entity microblaze_v11_0_0.LRU_Module [\LRU_Module(c_line_size_log2=3)\]
Compiling architecture imp of entity microblaze_v11_0_0.victim_cache [\victim_cache(c_target=artix7,c_...]
Compiling architecture imp of entity microblaze_v11_0_0.RAM_Module [\RAM_Module(c_id=1200,c_target=a...]
Compiling architecture imp of entity microblaze_v11_0_0.RAM_Module [\RAM_Module(c_id=1300,c_target=a...]
Compiling architecture imp of entity microblaze_v11_0_0.Cache_Interface [\Cache_Interface(c_target=artix7...]
Compiling architecture imp of entity microblaze_v11_0_0.Icache [\Icache(c_target=artix7,c_allow_...]
Compiling architecture srl16e_v of entity unisim.SRL16E [\SRL16E(init="1111111111111111")...]
Compiling architecture imp of entity microblaze_v11_0_0.MB_SRL16E [\MB_SRL16E(c_target=artix7,c_use...]
Compiling architecture srl16e_v of entity unisim.SRL16E [\SRL16E(init="1011111111111111")...]
Compiling architecture imp of entity microblaze_v11_0_0.MB_SRL16E [\MB_SRL16E(c_target=artix7,c_use...]
Compiling architecture srl16e_v of entity unisim.SRL16E [\SRL16E(15,0)\]
Compiling architecture imp of entity microblaze_v11_0_0.MB_SRL16E [\MB_SRL16E(c_target=artix7,c_use...]
Compiling architecture srl16e_v of entity unisim.SRL16E [\SRL16E(init="1000000000000000")...]
Compiling architecture imp of entity microblaze_v11_0_0.MB_SRL16E [\MB_SRL16E(c_target=artix7,c_use...]
Compiling architecture srl16e_v of entity unisim.SRL16E [\SRL16E(init="0010100010000101")...]
Compiling architecture imp of entity microblaze_v11_0_0.MB_SRL16E [\MB_SRL16E(c_target=artix7,c_use...]
Compiling architecture srl16e_v of entity unisim.SRL16E [\SRL16E(init="1000100001011011")...]
Compiling architecture imp of entity microblaze_v11_0_0.MB_SRL16E [\MB_SRL16E(c_target=artix7,c_use...]
Compiling architecture srl16e_v of entity unisim.SRL16E [\SRL16E(init="0000001111111000")...]
Compiling architecture imp of entity microblaze_v11_0_0.MB_SRL16E [\MB_SRL16E(c_target=artix7,c_use...]
Compiling architecture srl16e_v of entity unisim.SRL16E [\SRL16E(init="1110001101100111")...]
Compiling architecture imp of entity microblaze_v11_0_0.MB_SRL16E [\MB_SRL16E(c_target=artix7,c_use...]
Compiling architecture srl16e_v of entity unisim.SRL16E [\SRL16E(init="0010010100000000")...]
Compiling architecture imp of entity microblaze_v11_0_0.MB_SRL16E [\MB_SRL16E(c_target=artix7,c_use...]
Compiling architecture imp of entity microblaze_v11_0_0.mb_sync_bit [\mb_sync_bit(c_levels=1,c_reset_...]
Compiling architecture imp of entity microblaze_v11_0_0.mb_sync_vec [\mb_sync_vec(c_levels=1,c_reset_...]
Compiling architecture imp of entity microblaze_v11_0_0.mb_sync_bit [\mb_sync_bit(c_levels=1)\]
Compiling architecture imp of entity microblaze_v11_0_0.mb_sync_vec [\mb_sync_vec(c_width=10)\]
Compiling architecture srlc16e_v of entity unisim.SRLC16E [\SRLC16E(0,15)\]
Compiling architecture imp of entity microblaze_v11_0_0.MB_SRLC16E [\MB_SRLC16E(c_target=artix7,c_us...]
Compiling architecture imp of entity microblaze_v11_0_0.address_hit [\address_hit(c_target=artix7,c_f...]
Compiling architecture imp of entity microblaze_v11_0_0.address_hit [\address_hit(c_target=artix7,c_t...]
Compiling architecture imp of entity microblaze_v11_0_0.mb_sync_vec [\mb_sync_vec(c_width=11)\]
Compiling architecture imp of entity microblaze_v11_0_0.debug_stat_counter [\debug_stat_counter(c_target=art...]
Compiling architecture dsp48e1_v of entity unisim.DSP48E1 [\DSP48E1(alumodereg=0,carryinreg...]
Compiling architecture imp of entity microblaze_v11_0_0.MB_DSP48E1 [\MB_DSP48E1(c_target=artix7,alum...]
Compiling architecture imp of entity microblaze_v11_0_0.dsp_module [\dsp_module(c_target=artix7,c_ab...]
Compiling architecture imp of entity microblaze_v11_0_0.debug_stat_counter [\debug_stat_counter(c_target=art...]
Compiling architecture imp of entity microblaze_v11_0_0.Debug_Stat [\Debug_Stat(c_target=artix7,c_da...]
Compiling architecture imp of entity microblaze_v11_0_0.mb_sync_vec [\mb_sync_vec(c_width=9)\]
Compiling architecture imp of entity microblaze_v11_0_0.RAM_Module [\RAM_Module(c_id=1000,c_target=a...]
Compiling architecture imp of entity microblaze_v11_0_0.Debug_Trace [\Debug_Trace(c_target=artix7,c_d...]
Compiling architecture imp of entity microblaze_v11_0_0.Debug [\Debug(c_data_size=32,c_instr_si...]
Compiling architecture imp of entity microblaze_v11_0_0.interrupt_mode_converter [\interrupt_mode_converter(c_inte...]
Compiling architecture and2b1l_v of entity unisim.AND2B1L [and2b1l_default]
Compiling architecture imp of entity microblaze_v11_0_0.MB_AND2B1L [\MB_AND2B1L(c_target=artix7)\]
Compiling architecture imp of entity microblaze_v11_0_0.MB_MUXCY [\MB_MUXCY(c_target=artix7)\]
Compiling architecture imp of entity microblaze_v11_0_0.carry_or [\carry_or(c_target=artix7)\]
Compiling architecture imp of entity microblaze_v11_0_0.carry_and [\carry_and(c_target=artix7)\]
Compiling architecture lut6_v of entity unisim.LUT6 [\LUT6(init="10010000000010010000...]
Compiling architecture imp of entity microblaze_v11_0_0.MB_LUT6 [\MB_LUT6(c_target=artix7,init="1...]
Compiling architecture lut6_v of entity unisim.LUT6 [\LUT6(init="10010000000010010000...]
Compiling architecture imp of entity microblaze_v11_0_0.MB_LUT6 [\MB_LUT6(c_target=artix7,init="1...]
Compiling architecture imp of entity microblaze_v11_0_0.MB_FDRE [\MB_FDRE(c_target=artix7)\]
Compiling architecture imp of entity microblaze_v11_0_0.MB_MUXCY_XORCY [\MB_MUXCY_XORCY(c_target=artix7)...]
Compiling architecture muxf7_v of entity unisim.MUXF7 [muxf7_default]
Compiling architecture imp of entity microblaze_v11_0_0.MB_MUXF7 [\MB_MUXF7(c_target=artix7)\]
Compiling architecture fdr_v of entity unisim.FDR [fdr_default]
Compiling architecture imp of entity microblaze_v11_0_0.MB_FDR [\MB_FDR(c_target=artix7)\]
Compiling architecture imp of entity microblaze_v11_0_0.PC_Module_gti [\PC_Module_gti(c_data_size=32,c_...]
Compiling architecture lut6_v of entity unisim.LUT6 [\LUT6(init="00000000000000000000...]
Compiling architecture imp of entity microblaze_v11_0_0.MB_LUT6 [\MB_LUT6(c_target=artix7,init="0...]
Compiling architecture lut6_v of entity unisim.LUT6 [\LUT6(init="00000000000000001111...]
Compiling architecture imp of entity microblaze_v11_0_0.MB_LUT6 [\MB_LUT6(c_target=artix7,init="0...]
Compiling architecture lut6_v of entity unisim.LUT6 [\LUT6(init="11111111000000001111...]
Compiling architecture imp of entity microblaze_v11_0_0.MB_LUT6 [\MB_LUT6(c_target=artix7,init="1...]
Compiling architecture fdse_v of entity unisim.FDSE [fdse_default]
Compiling architecture fds_v of entity unisim.FDS [fds_default]
Compiling architecture imp of entity microblaze_v11_0_0.MB_FDS [\MB_FDS(c_target=artix7)\]
Compiling architecture lut6_v of entity unisim.LUT6 [\LUT6(init="00000000111111110000...]
Compiling architecture imp of entity microblaze_v11_0_0.MB_LUT6 [\MB_LUT6(c_target=artix7,init="0...]
Compiling architecture imp of entity microblaze_v11_0_0.PreFetch_Buffer_gti [\PreFetch_Buffer_gti(c_instr_siz...]
Compiling architecture imp of entity microblaze_v11_0_0.jump_logic [\jump_logic(c_instr_size=32,c_ta...]
Compiling architecture imp of entity microblaze_v11_0_0.Decode_gti [\Decode_gti(c_data_size=32,c_ins...]
Compiling architecture lut6_2_v of entity unisim.LUT6_2 [\LUT6_2(init="000000001111111100...]
Compiling architecture imp of entity microblaze_v11_0_0.MB_LUT6_2 [\MB_LUT6_2(c_target=artix7,init=...]
Compiling architecture lut4_v of entity unisim.LUT4 [\LUT4(init="0011110001011010")(0...]
Compiling architecture imp of entity microblaze_v11_0_0.MB_LUT4 [\MB_LUT4(c_target=artix7,init="0...]
Compiling architecture imp of entity microblaze_v11_0_0.Div_unit_gti [\Div_unit_gti(c_target=artix7,c_...]
Compiling architecture ram32m_v of entity unisim.RAM32M [ram32m_default]
Compiling architecture imp of entity microblaze_v11_0_0.MB_RAM32M [\MB_RAM32M(c_target=artix7,c_use...]
Compiling architecture imp of entity microblaze_v11_0_0.Register_File_gti [\Register_File_gti(c_data_size=3...]
Compiling architecture imp of entity microblaze_v11_0_0.Operand_Select_gti [\Operand_Select_gti(c_data_size=...]
Compiling architecture lut6_2_v of entity unisim.LUT6_2 [\LUT6_2(init="011000000111101010...]
Compiling architecture imp of entity microblaze_v11_0_0.MB_LUT6_2 [\MB_LUT6_2(c_target=artix7,init=...]
Compiling architecture imp of entity microblaze_v11_0_0.ALU_Bit [\ALU_Bit(c_target=artix7,c_allow...]
Compiling architecture lut6_v of entity unisim.LUT6 [\LUT6(init="01100000011110101010...]
Compiling architecture imp of entity microblaze_v11_0_0.MB_LUT6 [\MB_LUT6(c_target=artix7,init="0...]
Compiling architecture lut4_v of entity unisim.LUT4 [\LUT4(init="1111101000001010")(0...]
Compiling architecture imp of entity microblaze_v11_0_0.MB_LUT4 [\MB_LUT4(c_target=artix7,init="1...]
Compiling architecture lut2_v of entity unisim.LUT2 [\LUT2(init="1000")(0,3)\]
Compiling architecture mult_and_v of entity unisim.MULT_AND [mult_and_default]
Compiling architecture imp of entity microblaze_v11_0_0.MB_MULT_AND [\MB_MULT_AND(c_target=artix7)\]
Compiling architecture imp of entity microblaze_v11_0_0.ALU_Bit [\ALU_Bit(c_target=artix7,c_allow...]
Compiling architecture imp of entity microblaze_v11_0_0.ALU [\ALU(c_data_size=32,c_allow_lut6...]
Compiling architecture imp of entity microblaze_v11_0_0.MB_LUT6 [\MB_LUT6(c_target=rtl,init="1100...]
Compiling architecture imp of entity microblaze_v11_0_0.MB_LUT6 [\MB_LUT6(c_target=rtl,init="1100...]
Compiling architecture imp of entity microblaze_v11_0_0.MB_LUT6 [\MB_LUT6(c_target=rtl,init="1100...]
Compiling architecture imp of entity microblaze_v11_0_0.MB_MUXF7 [\MB_MUXF7(c_target=rtl)\]
Compiling architecture imp of entity microblaze_v11_0_0.carry_equal [\carry_equal(c_target=rtl,size=8...]
Compiling architecture imp of entity microblaze_v11_0_0.MB_LUT6 [\MB_LUT6(c_target=rtl,init="0000...]
Compiling architecture imp of entity microblaze_v11_0_0.MB_LUT6 [\MB_LUT6(c_target=rtl,init="0000...]
Compiling architecture imp of entity microblaze_v11_0_0.MB_LUT6 [\MB_LUT6(c_target=rtl,init="0111...]
Compiling architecture imp of entity microblaze_v11_0_0.count_leading_zeros [count_leading_zeros_default]
Compiling architecture imp of entity microblaze_v11_0_0.Shift_Logic_Module_gti [\Shift_Logic_Module_gti(c_data_s...]
Compiling architecture dsp48e1_v of entity unisim.DSP48E1 [\DSP48E1(acascreg=0,alumodereg=0...]
Compiling architecture imp of entity microblaze_v11_0_0.MB_DSP48E1 [\MB_DSP48E1(c_target=artix7,acas...]
Compiling architecture imp of entity microblaze_v11_0_0.dsp_module [\dsp_module(c_target=artix7,c_ab...]
Compiling architecture imp of entity microblaze_v11_0_0.dsp_module [\dsp_module(c_target=artix7,c_ab...]
Compiling architecture dsp48e1_v of entity unisim.DSP48E1 [\DSP48E1(acascreg=0,alumodereg=0...]
Compiling architecture imp of entity microblaze_v11_0_0.MB_DSP48E1 [\MB_DSP48E1(c_target=artix7,acas...]
Compiling architecture imp of entity microblaze_v11_0_0.dsp_module [\dsp_module(c_target=artix7,c_ab...]
Compiling architecture dsp48e1_v of entity unisim.DSP48E1 [\DSP48E1(acascreg=0,alumodereg=0...]
Compiling architecture imp of entity microblaze_v11_0_0.MB_DSP48E1 [\MB_DSP48E1(c_target=artix7,acas...]
Compiling architecture imp of entity microblaze_v11_0_0.dsp_module [\dsp_module(c_target=artix7,c_ab...]
Compiling architecture imp of entity microblaze_v11_0_0.mul_unit [\mul_unit(c_data_size=32,c_targe...]
Compiling architecture lut6_v of entity unisim.LUT6 [\LUT6(init="11111111000000000000...]
Compiling architecture imp of entity microblaze_v11_0_0.MB_LUT6 [\MB_LUT6(c_target=artix7,init="1...]
Compiling architecture imp of entity microblaze_v11_0_0.Barrel_Shifter_gti [\Barrel_Shifter_gti(c_data_size=...]
Compiling architecture imp of entity microblaze_v11_0_0.WB_Mux_Bit [\WB_Mux_Bit(c_target=artix7,c_lu...]
Compiling architecture imp of entity microblaze_v11_0_0.WB_Mux_Bit [\WB_Mux_Bit(c_target=artix7,c_lu...]
Compiling architecture imp of entity microblaze_v11_0_0.WB_Mux_Bit [\WB_Mux_Bit(c_target=artix7,c_lu...]
Compiling architecture imp of entity microblaze_v11_0_0.WB_Mux [\WB_Mux(c_data_size=32,c_daddr_s...]
Compiling architecture imp of entity microblaze_v11_0_0.Zero_Detect_gti [\Zero_Detect_gti(c_data_size=32,...]
Compiling architecture imp of entity microblaze_v11_0_0.Byte_Doublet_Handle_gti [\Byte_Doublet_Handle_gti(c_data_...]
Compiling architecture imp of entity microblaze_v11_0_0.Data_Flow_Logic [\Data_Flow_Logic(c_data_size=32,...]
Compiling architecture msr_reg of entity microblaze_v11_0_0.msr_reg_gti [\msr_reg_gti(c_data_size=32,c_ta...]
Compiling architecture lut6_2_v of entity unisim.LUT6_2 [\LUT6_2(init="111111110000000011...]
Compiling architecture imp of entity microblaze_v11_0_0.MB_LUT6_2 [\MB_LUT6_2(c_target=artix7,init=...]
Compiling architecture imp of entity microblaze_v11_0_0.mux_bus [\mux_bus(c_target=artix7,c_allow...]
Compiling architecture lut6_2_v of entity unisim.LUT6_2 [\LUT6_2(init="100101101001011010...]
Compiling architecture imp of entity microblaze_v11_0_0.MB_LUT6_2 [\MB_LUT6_2(c_target=artix7,init=...]
Compiling architecture fde_v of entity unisim.FDE [fde_default]
Compiling architecture imp of entity microblaze_v11_0_0.MB_FDE [\MB_FDE(c_target=artix7)\]
Compiling architecture imp of entity microblaze_v11_0_0.exception_registers_gti [\exception_registers_gti(c_data_...]
Compiling architecture fd_v of entity unisim.FD [fd_default]
Compiling architecture imp of entity microblaze_v11_0_0.MB_FD [\MB_FD(c_target=artix7)\]
Compiling architecture lut4_v of entity unisim.LUT4 [\LUT4(init="0110101010100110")(0...]
Compiling architecture imp of entity microblaze_v11_0_0.MB_LUT4 [\MB_LUT4(c_target=artix7,init="0...]
Compiling architecture imp of entity microblaze_v11_0_0.carry_compare_const [\carry_compare_const(c_target=ar...]
Compiling architecture imp of entity microblaze_v11_0_0.carry_compare [\carry_compare(c_target=artix7,s...]
Compiling architecture imp of entity microblaze_v11_0_0.carry_compare [\carry_compare(c_target=artix7,s...]
Compiling architecture imp of entity microblaze_v11_0_0.find_first_bit [\find_first_bit(c_mant_size=23,c...]
Compiling architecture imp of entity microblaze_v11_0_0.FPU_ADDSUB [\FPU_ADDSUB(c_target=artix7,c_pr...]
Compiling architecture dsp48e1_v of entity unisim.DSP48E1 [\DSP48E1(acascreg=0,alumodereg=0...]
Compiling architecture imp of entity microblaze_v11_0_0.MB_DSP48E1 [\MB_DSP48E1(c_target=artix7,acas...]
Compiling architecture imp of entity microblaze_v11_0_0.dsp_module [\dsp_module(c_target=artix7,c_a_...]
Compiling architecture dsp48e1_v of entity unisim.DSP48E1 [\DSP48E1(acascreg=0,alumodereg=0...]
Compiling architecture imp of entity microblaze_v11_0_0.MB_DSP48E1 [\MB_DSP48E1(c_target=artix7,acas...]
Compiling architecture imp of entity microblaze_v11_0_0.dsp_module [\dsp_module(c_target=artix7,c_a_...]
Compiling architecture imp of entity microblaze_v11_0_0.FPU_MUL [\FPU_MUL(c_target=artix7,c_preci...]
Compiling architecture imp of entity microblaze_v11_0_0.FPU_DIV [\FPU_DIV(c_target=artix7,c_use_s...]
Compiling architecture imp of entity microblaze_v11_0_0.Fpu [\Fpu(c_data_size=32,c_target=art...]
Compiling architecture imp of entity microblaze_v11_0_0.PVR [\PVR(c_data_size=32,c_daddr_size...]
Compiling architecture imp of entity microblaze_v11_0_0.Data_Flow_gti [\Data_Flow_gti(c_data_size=32,c_...]
Compiling architecture imp of entity microblaze_v11_0_0.read_data_mux [\read_data_mux(c_data_size=32,c_...]
Compiling architecture imp of entity microblaze_v11_0_0.instr_mux [\instr_mux(c_instr_size=32,c_tar...]
Compiling architecture imp of entity microblaze_v11_0_0.MMU_UTLB_RAM [mmu_utlb_ram_default]
Compiling architecture imp of entity microblaze_v11_0_0.carry_compare_mask [\carry_compare_mask(c_target=art...]
Compiling architecture imp of entity microblaze_v11_0_0.carry_compare_mask [\carry_compare_mask(c_target=art...]
Compiling architecture imp of entity microblaze_v11_0_0.carry_compare_mask [\carry_compare_mask(c_target=art...]
Compiling architecture imp of entity microblaze_v11_0_0.carry_compare [\carry_compare(c_target=artix7,s...]
Compiling architecture imp of entity microblaze_v11_0_0.carry_compare_mask [\carry_compare_mask(c_target=art...]
Compiling architecture imp of entity microblaze_v11_0_0.carry_compare [\carry_compare(c_target=artix7,s...]
Compiling architecture imp of entity microblaze_v11_0_0.MMU_UTLB [\MMU_UTLB(c_target=artix7,c_allo...]
Compiling architecture imp of entity microblaze_v11_0_0.carry_compare_mask [\carry_compare_mask(c_target=art...]
Compiling architecture imp of entity microblaze_v11_0_0.MMU_TLB [\MMU_TLB(c_target=artix7,c_allow...]
Compiling architecture imp of entity microblaze_v11_0_0.MMU_TLB [\MMU_TLB(c_target=artix7,c_allow...]
Compiling architecture imp of entity microblaze_v11_0_0.MMU [\MMU(c_data_size=32,c_daddr_size...]
Compiling architecture imp of entity microblaze_v11_0_0.MicroBlaze_GTi [\MicroBlaze_GTi(c_num_sync_ff_cl...]
Compiling architecture imp of entity microblaze_v11_0_0.mb_sync_bit [mb_sync_bit_default]
Compiling architecture imp of entity microblaze_v11_0_0.MicroBlaze_Core [\MicroBlaze_Core(c_freq=10000000...]
Compiling architecture imp of entity microblaze_v11_0_0.MicroBlaze [\MicroBlaze(c_freq=100000000,c_e...]
Compiling architecture mcu_microblaze_0_0_arch of entity xil_defaultlib.mcu_microblaze_0_0 [mcu_microblaze_0_0_default]
Compiling architecture byte_data_ram_a of entity axi_intc_v4_1_12.shared_ram_ivar [shared_ram_ivar_default]
Compiling architecture imp of entity axi_intc_v4_1_12.intc_core [\intc_core(c_family="artix7",c_n...]
Compiling architecture imp of entity axi_lite_ipif_v3_0_4.pselect_f [\pselect_f(c_ab=3,c_aw=9,c_bar="...]
Compiling architecture imp of entity axi_lite_ipif_v3_0_4.pselect_f [\pselect_f(c_ab=4,c_aw=4,c_bar="...]
Compiling architecture imp of entity axi_lite_ipif_v3_0_4.pselect_f [\pselect_f(c_ab=4,c_aw=4,c_bar="...]
Compiling architecture imp of entity axi_lite_ipif_v3_0_4.pselect_f [\pselect_f(c_ab=4,c_aw=4,c_bar="...]
Compiling architecture imp of entity axi_lite_ipif_v3_0_4.pselect_f [\pselect_f(c_ab=4,c_aw=4,c_bar="...]
Compiling architecture imp of entity axi_lite_ipif_v3_0_4.pselect_f [\pselect_f(c_ab=4,c_aw=4,c_bar="...]
Compiling architecture imp of entity axi_lite_ipif_v3_0_4.pselect_f [\pselect_f(c_ab=4,c_aw=4,c_bar="...]
Compiling architecture imp of entity axi_lite_ipif_v3_0_4.pselect_f [\pselect_f(c_ab=4,c_aw=4,c_bar="...]
Compiling architecture imp of entity axi_lite_ipif_v3_0_4.pselect_f [\pselect_f(c_ab=4,c_aw=4,c_bar="...]
Compiling architecture imp of entity axi_lite_ipif_v3_0_4.pselect_f [\pselect_f(c_ab=4,c_aw=4,c_bar="...]
Compiling architecture imp of entity axi_lite_ipif_v3_0_4.pselect_f [\pselect_f(c_ab=4,c_aw=4,c_bar="...]
Compiling architecture imp of entity axi_lite_ipif_v3_0_4.pselect_f [\pselect_f(c_ab=4,c_aw=4,c_bar="...]
Compiling architecture imp of entity axi_lite_ipif_v3_0_4.pselect_f [\pselect_f(c_ab=4,c_aw=4,c_bar="...]
Compiling architecture imp of entity axi_lite_ipif_v3_0_4.pselect_f [\pselect_f(c_ab=4,c_aw=4,c_bar="...]
Compiling architecture imp of entity axi_lite_ipif_v3_0_4.pselect_f [\pselect_f(c_ab=4,c_aw=4,c_bar="...]
Compiling architecture imp of entity axi_lite_ipif_v3_0_4.pselect_f [\pselect_f(c_ab=4,c_aw=4,c_bar="...]
Compiling architecture imp of entity axi_lite_ipif_v3_0_4.pselect_f [\pselect_f(c_ab=4,c_aw=4,c_bar="...]
Compiling architecture imp of entity axi_lite_ipif_v3_0_4.pselect_f [\pselect_f(c_ab=2,c_aw=9,c_bar="...]
Compiling architecture imp of entity axi_lite_ipif_v3_0_4.pselect_f [\pselect_f(c_ab=1,c_aw=9,c_bar="...]
Compiling architecture imp of entity axi_lite_ipif_v3_0_4.pselect_f [\pselect_f(c_ab=1,c_aw=1,c_bar="...]
Compiling architecture imp of entity axi_lite_ipif_v3_0_4.pselect_f [\pselect_f(c_ab=1,c_aw=1,c_bar="...]
Compiling architecture imp of entity axi_lite_ipif_v3_0_4.address_decoder [\address_decoder(c_bus_awidth=9,...]
Compiling architecture imp of entity axi_lite_ipif_v3_0_4.slave_attachment [\slave_attachment(c_ard_addr_ran...]
Compiling architecture imp of entity axi_lite_ipif_v3_0_4.axi_lite_ipif [\axi_lite_ipif(c_s_axi_addr_widt...]
Compiling architecture imp of entity axi_intc_v4_1_12.axi_intc [\axi_intc(c_family="artix7",c_in...]
Compiling architecture mcu_microblaze_0_axi_intc_0_arch of entity xil_defaultlib.mcu_microblaze_0_axi_intc_0 [mcu_microblaze_0_axi_intc_0_defa...]
Compiling module axi_infrastructure_v1_1_0.axi_infrastructure_v1_1_0_axi2ve...
Compiling module axi_register_slice_v2_1_18.axi_register_slice_v2_1_18_axic_...
Compiling module axi_register_slice_v2_1_18.axi_register_slice_v2_1_18_axic_...
Compiling module axi_register_slice_v2_1_18.axi_register_slice_v2_1_18_axic_...
Compiling module axi_register_slice_v2_1_18.axi_register_slice_v2_1_18_axic_...
Compiling module axi_infrastructure_v1_1_0.axi_infrastructure_v1_1_0_vector...
Compiling module axi_register_slice_v2_1_18.axi_register_slice_v2_1_18_axi_r...
Compiling module axi_protocol_converter_v2_1_18.axi_protocol_converter_v2_1_18_b...
Compiling module axi_protocol_converter_v2_1_18.axi_protocol_converter_v2_1_18_b...
Compiling module axi_protocol_converter_v2_1_18.axi_protocol_converter_v2_1_18_b...
Compiling module axi_protocol_converter_v2_1_18.axi_protocol_converter_v2_1_18_b...
Compiling module axi_protocol_converter_v2_1_18.axi_protocol_converter_v2_1_18_b...
Compiling module axi_protocol_converter_v2_1_18.axi_protocol_converter_v2_1_18_b...
Compiling module axi_protocol_converter_v2_1_18.axi_protocol_converter_v2_1_18_b...
Compiling module axi_protocol_converter_v2_1_18.axi_protocol_converter_v2_1_18_b...
Compiling module axi_protocol_converter_v2_1_18.axi_protocol_converter_v2_1_18_b...
Compiling module axi_protocol_converter_v2_1_18.axi_protocol_converter_v2_1_18_b...
Compiling module axi_protocol_converter_v2_1_18.axi_protocol_converter_v2_1_18_b...
Compiling module axi_protocol_converter_v2_1_18.axi_protocol_converter_v2_1_18_b...
Compiling module axi_protocol_converter_v2_1_18.axi_protocol_converter_v2_1_18_b...
Compiling module axi_infrastructure_v1_1_0.axi_infrastructure_v1_1_0_axi2ve...
Compiling module axi_register_slice_v2_1_18.axi_register_slice_v2_1_18_axic_...
Compiling module axi_register_slice_v2_1_18.axi_register_slice_v2_1_18_axic_...
Compiling module axi_register_slice_v2_1_18.axi_register_slice_v2_1_18_axic_...
Compiling module axi_register_slice_v2_1_18.axi_register_slice_v2_1_18_axic_...
Compiling module axi_infrastructure_v1_1_0.axi_infrastructure_v1_1_0_vector...
Compiling module axi_register_slice_v2_1_18.axi_register_slice_v2_1_18_axi_r...
Compiling module axi_protocol_converter_v2_1_18.axi_protocol_converter_v2_1_18_b...
Compiling module axi_protocol_converter_v2_1_18.axi_protocol_converter_v2_1_18_a...
Compiling module xil_defaultlib.mcu_auto_pc_0
Compiling module xil_defaultlib.m00_couplers_imp_1WVAA8A
Compiling module xil_defaultlib.m01_couplers_imp_AFYY8F
Compiling module axi_protocol_converter_v2_1_18.axi_protocol_converter_v2_1_18_a...
Compiling module xil_defaultlib.mcu_auto_pc_1
Compiling module xil_defaultlib.s00_couplers_imp_MIIXYO
Compiling module xil_defaultlib.s01_couplers_imp_131DJAT
Compiling module xil_defaultlib.s02_couplers_imp_DQ54CB
Compiling module xil_defaultlib.s03_couplers_imp_1TQN8VY
Compiling module generic_baseblocks_v2_1_0.generic_baseblocks_v2_1_0_carry_...
Compiling module generic_baseblocks_v2_1_0.generic_baseblocks_v2_1_0_compar...
Compiling module generic_baseblocks_v2_1_0.generic_baseblocks_v2_1_0_compar...
Compiling module axi_crossbar_v2_1_19.axi_crossbar_v2_1_19_addr_decode...
Compiling module generic_baseblocks_v2_1_0.generic_baseblocks_v2_1_0_mux_en...
Compiling module unisims_ver.SRLC32E_default
Compiling module axi_data_fifo_v2_1_17.axi_data_fifo_v2_1_17_ndeep_srl(...
Compiling module axi_data_fifo_v2_1_17.axi_data_fifo_v2_1_17_axic_srl_f...
Compiling module axi_crossbar_v2_1_19.axi_crossbar_v2_1_19_si_transact...
Compiling module generic_baseblocks_v2_1_0.generic_baseblocks_v2_1_0_mux_en...
Compiling module axi_crossbar_v2_1_19.axi_crossbar_v2_1_19_si_transact...
Compiling module axi_crossbar_v2_1_19.axi_crossbar_v2_1_19_splitter
Compiling module axi_data_fifo_v2_1_17.axi_data_fifo_v2_1_17_axic_reg_s...
Compiling module axi_crossbar_v2_1_19.axi_crossbar_v2_1_19_wdata_route...
Compiling module axi_crossbar_v2_1_19.axi_crossbar_v2_1_19_si_transact...
Compiling module axi_crossbar_v2_1_19.axi_crossbar_v2_1_19_si_transact...
Compiling module axi_data_fifo_v2_1_17.axi_data_fifo_v2_1_17_ndeep_srl(...
Compiling module axi_data_fifo_v2_1_17.axi_data_fifo_v2_1_17_axic_srl_f...
Compiling module axi_crossbar_v2_1_19.axi_crossbar_v2_1_19_si_transact...
Compiling module generic_baseblocks_v2_1_0.generic_baseblocks_v2_1_0_nto1_m...
Compiling module axi_data_fifo_v2_1_17.axi_data_fifo_v2_1_17_ndeep_srl(...
Compiling module axi_data_fifo_v2_1_17.axi_data_fifo_v2_1_17_axic_srl_f...
Compiling module axi_crossbar_v2_1_19.axi_crossbar_v2_1_19_si_transact...
Compiling module axi_data_fifo_v2_1_17.axi_data_fifo_v2_1_17_ndeep_srl(...
Compiling module axi_data_fifo_v2_1_17.axi_data_fifo_v2_1_17_axic_reg_s...
Compiling module axi_crossbar_v2_1_19.axi_crossbar_v2_1_19_wdata_route...
Compiling module axi_data_fifo_v2_1_17.axi_data_fifo_v2_1_17_ndeep_srl(...
Compiling module axi_data_fifo_v2_1_17.axi_data_fifo_v2_1_17_axic_srl_f...
Compiling module axi_crossbar_v2_1_19.axi_crossbar_v2_1_19_si_transact...
Compiling module axi_crossbar_v2_1_19.axi_crossbar_v2_1_19_addr_decode...
Compiling module axi_crossbar_v2_1_19.axi_crossbar_v2_1_19_addr_decode...
Compiling module axi_data_fifo_v2_1_17.axi_data_fifo_v2_1_17_axic_reg_s...
Compiling module generic_baseblocks_v2_1_0.generic_baseblocks_v2_1_0_mux_en...
Compiling module axi_crossbar_v2_1_19.axi_crossbar_v2_1_19_wdata_mux(C...
Compiling module axi_data_fifo_v2_1_17.axi_data_fifo_v2_1_17_axic_srl_f...
Compiling module axi_infrastructure_v1_1_0.axi_infrastructure_v1_1_0_axi2ve...
Compiling module axi_register_slice_v2_1_18.axi_register_slice_v2_1_18_axic_...
Compiling module axi_register_slice_v2_1_18.axi_register_slice_v2_1_18_axic_...
Compiling module axi_register_slice_v2_1_18.axi_register_slice_v2_1_18_axic_...
Compiling module axi_register_slice_v2_1_18.axi_register_slice_v2_1_18_axic_...
Compiling module axi_infrastructure_v1_1_0.axi_infrastructure_v1_1_0_vector...
Compiling module axi_register_slice_v2_1_18.axi_register_slice_v2_1_18_axi_r...
Compiling module axi_data_fifo_v2_1_17.axi_data_fifo_v2_1_17_ndeep_srl(...
Compiling module axi_data_fifo_v2_1_17.axi_data_fifo_v2_1_17_axic_reg_s...
Compiling module axi_crossbar_v2_1_19.axi_crossbar_v2_1_19_wdata_mux(C...
Compiling module axi_data_fifo_v2_1_17.axi_data_fifo_v2_1_17_axic_srl_f...
Compiling module axi_data_fifo_v2_1_17.axi_data_fifo_v2_1_17_axic_reg_s...
Compiling module axi_crossbar_v2_1_19.axi_crossbar_v2_1_19_wdata_mux(C...
Compiling module axi_data_fifo_v2_1_17.axi_data_fifo_v2_1_17_axic_srl_f...
Compiling module generic_baseblocks_v2_1_0.generic_baseblocks_v2_1_0_mux_en...
Compiling module generic_baseblocks_v2_1_0.generic_baseblocks_v2_1_0_mux_en...
Compiling module axi_crossbar_v2_1_19.axi_crossbar_v2_1_19_addr_arbite...
Compiling module axi_crossbar_v2_1_19.axi_crossbar_v2_1_19_decerr_slav...
Compiling module axi_crossbar_v2_1_19.axi_crossbar_v2_1_19_crossbar(C_...
Compiling module axi_crossbar_v2_1_19.axi_crossbar_v2_1_19_axi_crossba...
Compiling module xil_defaultlib.mcu_xbar_0
Compiling module xil_defaultlib.mcu_microblaze_0_axi_periph_0
Compiling architecture imp of entity lmb_bram_if_cntlr_v4_0_15.pselect_mask [\pselect_mask(c_bar="00000000000...]
Compiling architecture imp of entity lmb_bram_if_cntlr_v4_0_15.lmb_mux [\lmb_mux(c_target=artix7,c_basea...]
Compiling architecture imp of entity lmb_bram_if_cntlr_v4_0_15.lmb_bram_if_cntlr [\lmb_bram_if_cntlr(c_family="art...]
Compiling architecture mcu_dlmb_bram_if_cntlr_0_arch of entity xil_defaultlib.mcu_dlmb_bram_if_cntlr_0 [mcu_dlmb_bram_if_cntlr_0_default]
Compiling architecture imp of entity lmb_v10_v3_0_9.lmb_v10 [\lmb_v10(c_lmb_num_slaves=1)\]
Compiling architecture mcu_dlmb_v10_0_arch of entity xil_defaultlib.mcu_dlmb_v10_0 [mcu_dlmb_v10_0_default]
Compiling architecture imp of entity lmb_bram_if_cntlr_v4_0_15.lmb_mux [\lmb_mux(c_target=artix7,c_basea...]
Compiling architecture imp of entity lmb_bram_if_cntlr_v4_0_15.lmb_bram_if_cntlr [\lmb_bram_if_cntlr(c_family="art...]
Compiling architecture mcu_ilmb_bram_if_cntlr_0_arch of entity xil_defaultlib.mcu_ilmb_bram_if_cntlr_0 [mcu_ilmb_bram_if_cntlr_0_default]
Compiling architecture mcu_ilmb_v10_0_arch of entity xil_defaultlib.mcu_ilmb_v10_0 [mcu_ilmb_v10_0_default]
Compiling module blk_mem_gen_v8_4_2.blk_mem_gen_v8_4_2_output_stage(...
Compiling module blk_mem_gen_v8_4_2.blk_mem_gen_v8_4_2_softecc_outpu...
Compiling module blk_mem_gen_v8_4_2.blk_mem_gen_v8_4_2_mem_module(C_...
Compiling module blk_mem_gen_v8_4_2.blk_mem_gen_v8_4_2(C_FAMILY="art...
Compiling module xil_defaultlib.mcu_lmb_bram_0
Compiling architecture mcu_lmb_v10_0_arch of entity xil_defaultlib.mcu_lmb_v10_0 [mcu_lmb_v10_0_default]
Compiling module xil_defaultlib.microblaze_0_local_memory_imp_4H...
Compiling module xlconcat_v2_1_1.xlconcat_v2_1_1_xlconcat(dout_wi...
Compiling module xil_defaultlib.mcu_microblaze_0_xlconcat_0
Compiling architecture imp of entity lmb_v10_v3_0_9.lmb_v10 [\lmb_v10(c_lmb_num_slaves=2)\]
Compiling architecture bd_f021_dlmb_0_arch of entity xil_defaultlib.bd_f021_dlmb_0 [bd_f021_dlmb_0_default]
Compiling architecture imp of entity lmb_bram_if_cntlr_v4_0_15.pselect_mask [\pselect_mask(c_bar="00000000000...]
Compiling architecture imp of entity lmb_bram_if_cntlr_v4_0_15.lmb_mux [\lmb_mux(c_target=artix7,c_basea...]
Compiling architecture imp of entity lmb_bram_if_cntlr_v4_0_15.lmb_bram_if_cntlr [\lmb_bram_if_cntlr(c_family="art...]
Compiling architecture bd_f021_dlmb_cntlr_0_arch of entity xil_defaultlib.bd_f021_dlmb_cntlr_0 [bd_f021_dlmb_cntlr_0_default]
Compiling architecture bd_f021_ilmb_0_arch of entity xil_defaultlib.bd_f021_ilmb_0 [bd_f021_ilmb_0_default]
Compiling architecture imp of entity lmb_bram_if_cntlr_v4_0_15.pselect_mask [\pselect_mask(c_bar="00000000000...]
Compiling architecture imp of entity lmb_bram_if_cntlr_v4_0_15.lmb_mux [\lmb_mux(c_target=artix7,c_basea...]
Compiling architecture imp of entity lmb_bram_if_cntlr_v4_0_15.lmb_bram_if_cntlr [\lmb_bram_if_cntlr(c_family="art...]
Compiling architecture bd_f021_ilmb_cntlr_0_arch of entity xil_defaultlib.bd_f021_ilmb_cntlr_0 [bd_f021_ilmb_cntlr_0_default]
Compiling architecture imp of entity iomodule_v3_1_4.pselect_mask [\pselect_mask(c_bar="00000000000...]
Compiling architecture imp of entity iomodule_v3_1_4.MB_MUXCY [\MB_MUXCY(c_target=non_rtl)\]
Compiling architecture imp of entity iomodule_v3_1_4.MB_XORCY [\MB_XORCY(c_target=non_rtl)\]
Compiling architecture srl16e_v of entity unisim.SRL16E [\SRL16E(init="0000000000000001")...]
Compiling architecture imp of entity iomodule_v3_1_4.XIL_SRL16E [\XIL_SRL16E(c_target=non_rtl,c_u...]
Compiling architecture imp of entity iomodule_v3_1_4.MB_FDRE [\MB_FDRE(c_target=non_rtl)\]
Compiling architecture lut3_v of entity unisim.LUT3 [\LUT3(init="11001010")(0,7)\]
Compiling architecture muxf5_v of entity unisim.MUXF5 [muxf5_default]
Compiling architecture imp of entity iomodule_v3_1_4.MB_MUXF5 [\MB_MUXF5(c_target=non_rtl)\]
Compiling architecture muxf6_v of entity unisim.MUXF6 [muxf6_default]
Compiling architecture imp of entity iomodule_v3_1_4.MB_MUXF6 [\MB_MUXF6(c_target=non_rtl)\]
Compiling architecture imp of entity iomodule_v3_1_4.UART_Transmit [\UART_Transmit(c_target=non_rtl,...]
Compiling architecture imp of entity iomodule_v3_1_4.MB_FDSE [\MB_FDSE(c_target=non_rtl,init='...]
Compiling architecture srl16e_v of entity unisim.SRL16E [\SRL16E(0,15)\]
Compiling architecture imp of entity iomodule_v3_1_4.XIL_SRL16E [\XIL_SRL16E(c_target=non_rtl,c_u...]
Compiling architecture imp of entity iomodule_v3_1_4.UART_Receive [\UART_Receive(c_target=non_rtl,c...]
Compiling architecture imp of entity iomodule_v3_1_4.Uart_Control_Status [\Uart_Control_Status(c_vote_size...]
Compiling architecture vhdl_rtl of entity iomodule_v3_1_4.Divide_part [\Divide_part(c_target=non_rtl,c_...]
Compiling architecture vhdl_rtl of entity iomodule_v3_1_4.Divide_part [\Divide_part(c_target=non_rtl,c_...]
Compiling architecture vhdl_rtl of entity iomodule_v3_1_4.Divide_part [\Divide_part(c_target=non_rtl,c_...]
Compiling architecture vhdl_rtl of entity iomodule_v3_1_4.FIT_Module [\FIT_Module(c_target=non_rtl,c_v...]
Compiling architecture vhdl_rtl of entity iomodule_v3_1_4.FIT_Module [\FIT_Module(c_target=non_rtl,c_v...]
Compiling architecture lut3_v of entity unisim.LUT3 [\LUT3(init="01110010")(0,7)\]
Compiling architecture imp of entity iomodule_v3_1_4.MB_LUT3 [\MB_LUT3(c_target=non_rtl,init="...]
Compiling architecture imp of entity iomodule_v3_1_4.MB_MULT_AND [\MB_MULT_AND(c_target=non_rtl)\]
Compiling architecture imp of entity iomodule_v3_1_4.MB_MUXCY_XORCY [\MB_MUXCY_XORCY(c_target=non_rtl...]
Compiling architecture imp of entity iomodule_v3_1_4.PIT_Module [\PIT_Module(c_target=non_rtl,c_v...]
Compiling architecture imp of entity iomodule_v3_1_4.PIT_Module [\PIT_Module(c_target=non_rtl,c_v...]
Compiling architecture imp of entity iomodule_v3_1_4.GPO_Module [\GPO_Module(c_vote_size=32)\]
Compiling architecture imp of entity iomodule_v3_1_4.GPO_Module [\GPO_Module(c_vote_size=32,c_use...]
Compiling architecture imp of entity iomodule_v3_1_4.GPI_Module [\GPI_Module(c_use_gpi=1,c_gpi_si...]
Compiling architecture imp of entity iomodule_v3_1_4.GPI_Module [\GPI_Module(c_use_gpi=0,c_gpi_si...]
Compiling architecture imp of entity iomodule_v3_1_4.MB_FDR [\MB_FDR(c_target=non_rtl)\]
Compiling architecture imp of entity iomodule_v3_1_4.intr_ctrl [\intr_ctrl(c_target=non_rtl,c_vo...]
Compiling architecture imp of entity iomodule_v3_1_4.Iomodule_core [\Iomodule_core(c_target=non_rtl,...]
Compiling architecture imp of entity iomodule_v3_1_4.iomodule [\iomodule(c_family="artix7",c_hi...]
Compiling architecture bd_f021_iomodule_0_0_arch of entity xil_defaultlib.bd_f021_iomodule_0_0 [bd_f021_iomodule_0_0_default]
Compiling module blk_mem_gen_v8_4_2.blk_mem_gen_v8_4_2_output_stage(...
Compiling module blk_mem_gen_v8_4_2.blk_mem_gen_v8_4_2_softecc_outpu...
Compiling module blk_mem_gen_v8_4_2.blk_mem_gen_v8_4_2_mem_module(C_...
Compiling module blk_mem_gen_v8_4_2.blk_mem_gen_v8_4_2(C_FAMILY="art...
Compiling module xil_defaultlib.bd_f021_lmb_bram_I_0
Compiling architecture imp of entity microblaze_v11_0_0.interrupt_mode_converter [\interrupt_mode_converter(c_edge...]
Compiling architecture lut5_v of entity unisim.LUT5 [\LUT5(init="00000000000000000000...]
Compiling architecture imp of entity microblaze_v11_0_0.MB_LUT5 [\MB_LUT5(c_target=artix7,init="0...]
Compiling architecture lut5_v of entity unisim.LUT5 [\LUT5(init="00000000000000000000...]
Compiling architecture imp of entity microblaze_v11_0_0.MB_LUT5 [\MB_LUT5(c_target=artix7,init="0...]
Compiling architecture lut4_v of entity unisim.LUT4 [\LUT4(init="0010000000000000")(0...]
Compiling architecture imp of entity microblaze_v11_0_0.MB_LUT4 [\MB_LUT4(c_target=artix7,init="0...]
Compiling architecture lut4_v of entity unisim.LUT4 [\LUT4(init="0000001000000000")(0...]
Compiling architecture imp of entity microblaze_v11_0_0.MB_LUT4 [\MB_LUT4(c_target=artix7,init="0...]
Compiling architecture lut3_v of entity unisim.LUT3 [\LUT3(init="00000100")(0,7)\]
Compiling architecture imp of entity microblaze_v11_0_0.MB_LUT3 [\MB_LUT3(c_target=artix7,init="0...]
Compiling architecture lut3_v of entity unisim.LUT3 [\LUT3(init="00010101")(0,7)\]
Compiling architecture imp of entity microblaze_v11_0_0.MB_LUT3 [\MB_LUT3(c_target=artix7,init="0...]
Compiling architecture lut4_v of entity unisim.LUT4 [\LUT4(init="1000010000100001")(0...]
Compiling architecture imp of entity microblaze_v11_0_0.MB_LUT4 [\MB_LUT4(c_target=artix7,init="1...]
Compiling architecture lut3_v of entity unisim.LUT3 [\LUT3(init="10010000")(0,7)\]
Compiling architecture imp of entity microblaze_v11_0_0.MB_LUT3 [\MB_LUT3(c_target=artix7,init="1...]
Compiling architecture lut4_v of entity unisim.LUT4 [\LUT4(init="1000000000000000")(0...]
Compiling architecture imp of entity microblaze_v11_0_0.MB_LUT4 [\MB_LUT4(c_target=artix7,init="1...]
Compiling architecture lut4_v of entity unisim.LUT4 [\LUT4(init="0000000011110000")(0...]
Compiling architecture imp of entity microblaze_v11_0_0.MB_LUT4 [\MB_LUT4(c_target=artix7,init="0...]
Compiling architecture lut4_v of entity unisim.LUT4 [\LUT4(init="1111111111001010")(0...]
Compiling architecture fdrse_v of entity unisim.FDRSE [fdrse_default]
Compiling architecture imp of entity microblaze_v11_0_0.MB_FDRSE [\MB_FDRSE(c_target=artix7)\]
Compiling architecture imp of entity microblaze_v11_0_0.MB_FDSE [\MB_FDSE(c_target=artix7)\]
Compiling architecture lut3_v of entity unisim.LUT3 [\LUT3(init="10110100")(0,7)\]
Compiling architecture imp of entity microblaze_v11_0_0.MB_LUT3 [\MB_LUT3(c_target=artix7,init="1...]
Compiling architecture lut4_v of entity unisim.LUT4 [\LUT4(init="1010101010111010")(0...]
Compiling architecture imp of entity microblaze_v11_0_0.MB_LUT4 [\MB_LUT4(c_target=artix7,init="1...]
Compiling architecture imp of entity microblaze_v11_0_0.MB_SRL16E [\MB_SRL16E(c_target=artix7,c_use...]
Compiling architecture imp of entity microblaze_v11_0_0.PreFetch_Buffer [\PreFetch_Buffer(c_instr_size=32...]
Compiling architecture lut4_v of entity unisim.LUT4 [\LUT4(init="1111100000000000")(0...]
Compiling architecture imp of entity microblaze_v11_0_0.MB_LUT4 [\MB_LUT4(c_target=artix7,init="1...]
Compiling architecture imp of entity microblaze_v11_0_0.Decode [\Decode(c_data_size=32,c_instr_s...]
Compiling architecture imp of entity microblaze_v11_0_0.Register_File_Bit [\Register_File_Bit(c_target=arti...]
Compiling architecture imp of entity microblaze_v11_0_0.Register_File [\Register_File(c_data_size=32,c_...]
Compiling architecture lut6_2_v of entity unisim.LUT6_2 [\LUT6_2(init="111111110000000011...]
Compiling architecture imp of entity microblaze_v11_0_0.MB_LUT6_2 [\MB_LUT6_2(c_target=artix7,init=...]
Compiling architecture imp of entity microblaze_v11_0_0.Operand_Select_Bit [\Operand_Select_Bit(c_target=art...]
Compiling architecture imp of entity microblaze_v11_0_0.Operand_Select_Bit [\Operand_Select_Bit(c_target=art...]
Compiling architecture imp of entity microblaze_v11_0_0.Operand_Select_Bit [\Operand_Select_Bit(c_target=art...]
Compiling architecture imp of entity microblaze_v11_0_0.Operand_Select_Bit [\Operand_Select_Bit(c_target=art...]
Compiling architecture imp of entity microblaze_v11_0_0.Operand_Select_Bit [\Operand_Select_Bit(c_target=art...]
Compiling architecture imp of entity microblaze_v11_0_0.Operand_Select_Bit [\Operand_Select_Bit(c_target=art...]
Compiling architecture imp of entity microblaze_v11_0_0.Operand_Select_Bit [\Operand_Select_Bit(c_target=art...]
Compiling architecture imp of entity microblaze_v11_0_0.Operand_Select [\Operand_Select(c_data_size=32,c...]
Compiling architecture lut3_v of entity unisim.LUT3 [\LUT3(0,7)\]
Compiling architecture imp of entity microblaze_v11_0_0.MB_LUT3 [\MB_LUT3(c_target=artix7)(0,7)\]
Compiling architecture imp of entity microblaze_v11_0_0.ALU [\ALU(c_data_size=32,c_area_optim...]
Compiling architecture lut4_v of entity unisim.LUT4 [\LUT4(init="0100011010001110")(0...]
Compiling architecture imp of entity microblaze_v11_0_0.MB_LUT4 [\MB_LUT4(c_target=artix7,init="0...]
Compiling architecture lut4_v of entity unisim.LUT4 [\LUT4(init="1111110010101010")(0...]
Compiling architecture imp of entity microblaze_v11_0_0.MB_LUT4 [\MB_LUT4(c_target=artix7,init="1...]
Compiling architecture imp of entity microblaze_v11_0_0.Shift_Logic_Bit [\Shift_Logic_Bit(c_target=artix7...]
Compiling architecture imp of entity microblaze_v11_0_0.Shift_Logic_Module [\Shift_Logic_Module(c_use_pcmp_i...]
Compiling architecture imp of entity microblaze_v11_0_0.mul_unit [\mul_unit(c_data_size=32,c_targe...]
Compiling architecture lut4_v of entity unisim.LUT4 [\LUT4(init="1110111111100000")(0...]
Compiling architecture imp of entity microblaze_v11_0_0.MB_LUT4 [\MB_LUT4(c_target=artix7,init="1...]
Compiling architecture lut6_v of entity unisim.LUT6 [\LUT6(init="11100000010000001110...]
Compiling architecture imp of entity microblaze_v11_0_0.MB_LUT6 [\MB_LUT6(c_target=artix7,init="1...]
Compiling architecture imp of entity microblaze_v11_0_0.Result_Mux_Bit [\Result_Mux_Bit(c_target=artix7)...]
Compiling architecture imp of entity microblaze_v11_0_0.Result_Mux [\Result_Mux(c_data_size=32,c_tar...]
Compiling architecture imp of entity microblaze_v11_0_0.Zero_Detect [\Zero_Detect(c_data_size=32,c_ta...]
Compiling architecture imp of entity microblaze_v11_0_0.MSR_Reg_Bit [\MSR_Reg_Bit(c_target=artix7)\]
Compiling architecture imp of entity microblaze_v11_0_0.MSR_Reg [\MSR_Reg(c_target=artix7,c_data_...]
Compiling architecture lut4_v of entity unisim.LUT4 [\LUT4(init="1111000001100110")(0...]
Compiling architecture imp of entity microblaze_v11_0_0.MB_LUT4 [\MB_LUT4(c_target=artix7,init="1...]
Compiling architecture lut4_v of entity unisim.LUT4 [\LUT4(init="1010101011001010")(0...]
Compiling architecture imp of entity microblaze_v11_0_0.MB_LUT4 [\MB_LUT4(c_target=artix7,init="1...]
Compiling architecture imp of entity microblaze_v11_0_0.PC_Bit [\PC_Bit(c_target=artix7,c_use_sr...]
Compiling architecture imp of entity microblaze_v11_0_0.PC_Module [\PC_Module(c_data_size=32,c_addr...]
Compiling architecture imp of entity microblaze_v11_0_0.PVR [\PVR(c_data_size=32,c_daddr_size...]
Compiling architecture imp of entity microblaze_v11_0_0.Data_Flow [\Data_Flow(c_data_size=32,c_inst...]
Compiling architecture lut6_2_v of entity unisim.LUT6_2 [\LUT6_2(init="100001110111100010...]
Compiling architecture imp of entity microblaze_v11_0_0.MB_LUT6_2 [\MB_LUT6_2(c_target=artix7,init=...]
Compiling architecture lut6_2_v of entity unisim.LUT6_2 [\LUT6_2(init="011110001000011110...]
Compiling architecture imp of entity microblaze_v11_0_0.MB_LUT6_2 [\MB_LUT6_2(c_target=artix7,init=...]
Compiling architecture lut6_2_v of entity unisim.LUT6_2 [\LUT6_2(init="001010100010111100...]
Compiling architecture imp of entity microblaze_v11_0_0.MB_LUT6_2 [\MB_LUT6_2(c_target=artix7,init=...]
Compiling architecture lut6_2_v of entity unisim.LUT6_2 [\LUT6_2(init="000101010001111100...]
Compiling architecture imp of entity microblaze_v11_0_0.MB_LUT6_2 [\MB_LUT6_2(c_target=artix7,init=...]
Compiling architecture lut6_2_v of entity unisim.LUT6_2 [\LUT6_2(init="000011001100000000...]
Compiling architecture imp of entity microblaze_v11_0_0.MB_LUT6_2 [\MB_LUT6_2(c_target=artix7,init=...]
Compiling architecture lut3_v of entity unisim.LUT3 [\LUT3(init="10101011")(0,7)\]
Compiling architecture imp of entity microblaze_v11_0_0.MB_LUT3 [\MB_LUT3(c_target=artix7,init="1...]
Compiling architecture lut2_v of entity unisim.LUT2 [\LUT2(init="1011")(0,3)\]
Compiling architecture imp of entity microblaze_v11_0_0.MB_LUT2 [\MB_LUT2(c_target=artix7,init="1...]
Compiling architecture lut6_2_v of entity unisim.LUT6_2 [\LUT6_2(init="000100010001000100...]
Compiling architecture imp of entity microblaze_v11_0_0.MB_LUT6_2 [\MB_LUT6_2(c_target=artix7,init=...]
Compiling architecture imp of entity microblaze_v11_0_0.mux4_8 [\mux4_8(c_allow_lut6=true,c_targ...]
Compiling architecture imp of entity microblaze_v11_0_0.Byte_Doublet_Handle [\Byte_Doublet_Handle(c_data_size...]
Compiling architecture imp of entity microblaze_v11_0_0.instr_mux [\instr_mux(c_instr_size=32,c_tar...]
Compiling architecture imp of entity microblaze_v11_0_0.MicroBlaze_Area [\MicroBlaze_Area(c_num_sync_ff_c...]
Compiling architecture imp of entity microblaze_v11_0_0.MicroBlaze_Core [\MicroBlaze_Core(c_freq=10000000...]
Compiling architecture imp of entity microblaze_v11_0_0.MicroBlaze [\MicroBlaze(c_freq=100000000,c_e...]
Compiling architecture bd_f021_microblaze_i_0_arch of entity xil_defaultlib.bd_f021_microblaze_I_0 [bd_f021_microblaze_i_0_default]
Compiling architecture fdre_v of entity unisim.FDRE [\FDRE(init='1')\]
Compiling architecture implementation of entity lib_cdc_v1_0_2.cdc_sync [\cdc_sync(c_vector_width=2,c_mtb...]
Compiling architecture srl16e_v of entity unisim.SRL16E [\SRL16E(init="1111111111111111")...]
Compiling architecture srl16_v of entity unisim.SRL16 [\SRL16(init="1111111111111111")(...]
Compiling architecture imp of entity proc_sys_reset_v5_0_13.lpf [\lpf(c_ext_rst_width=4,c_aux_rst...]
Compiling architecture imp of entity proc_sys_reset_v5_0_13.upcnt_n [\upcnt_n(c_size=6)\]
Compiling architecture imp of entity proc_sys_reset_v5_0_13.sequence_psr [sequence_psr_default]
Compiling architecture imp of entity proc_sys_reset_v5_0_13.proc_sys_reset [\proc_sys_reset(c_family="artix7...]
Compiling architecture bd_f021_rst_0_0_arch of entity xil_defaultlib.bd_f021_rst_0_0 [bd_f021_rst_0_0_default]
Compiling module xil_defaultlib.bd_f021
Compiling module xil_defaultlib.mcu_microblaze_mcs_0_0
Compiling module unisims_ver.IBUF
Compiling module unisims_ver.IDELAYCTRL_default
Compiling module xil_defaultlib.mig_7series_v4_2_iodelay_ctrl(IO...
Compiling module unisims_ver.IBUFDS(IBUF_LOW_PWR="FALSE")
Compiling module unisims_ver.IBUFGDS(IBUF_LOW_PWR="FALSE")
Compiling module xil_defaultlib.mig_7series_v4_2_clk_ibuf(DIFF_T...
Compiling module unisims_ver.XADC(INIT_40=16'b01000000000000,...
Compiling module xil_defaultlib.mig_7series_v4_2_tempmon_default
Compiling module unisims_ver.PLLE2_ADV(CLKFBOUT_MULT=16,CLKIN...
Compiling module unisims_ver.BUFG
Compiling module unisims_ver.BUFH
Compiling module unisims_ver.MMCME2_ADV(BANDWIDTH="HIGH",CLKF...
Compiling module xil_defaultlib.mig_7series_v4_2_infrastructure(...
Compiling module xil_defaultlib.mig_7series_v4_2_rank_cntrl(DQRD...
Compiling module xil_defaultlib.mig_7series_v4_2_round_robin_arb...
Compiling module xil_defaultlib.mig_7series_v4_2_round_robin_arb...
Compiling module xil_defaultlib.mig_7series_v4_2_rank_common(MAI...
Compiling module xil_defaultlib.mig_7series_v4_2_rank_mach(CS_WI...
Compiling module xil_defaultlib.mig_7series_v4_2_bank_compare(CO...
Compiling module xil_defaultlib.mig_7series_v4_2_bank_state(DATA...
Compiling module xil_defaultlib.mig_7series_v4_2_bank_queue_defa...
Compiling module xil_defaultlib.mig_7series_v4_2_bank_cntrl(COL_...
Compiling module xil_defaultlib.mig_7series_v4_2_bank_state(DATA...
Compiling module xil_defaultlib.mig_7series_v4_2_bank_queue(ID=1...
Compiling module xil_defaultlib.mig_7series_v4_2_bank_cntrl(COL_...
Compiling module xil_defaultlib.mig_7series_v4_2_bank_state(DATA...
Compiling module xil_defaultlib.mig_7series_v4_2_bank_queue(ID=2...
Compiling module xil_defaultlib.mig_7series_v4_2_bank_cntrl(COL_...
Compiling module xil_defaultlib.mig_7series_v4_2_bank_state(DATA...
Compiling module xil_defaultlib.mig_7series_v4_2_bank_queue(ID=3...
Compiling module xil_defaultlib.mig_7series_v4_2_bank_cntrl(COL_...
Compiling module xil_defaultlib.mig_7series_v4_2_bank_common(LOW...
Compiling module xil_defaultlib.mig_7series_v4_2_round_robin_arb...
Compiling module xil_defaultlib.mig_7series_v4_2_arb_row_col(nCK...
Compiling module xil_defaultlib.mig_7series_v4_2_arb_select(CS_W...
Compiling module xil_defaultlib.mig_7series_v4_2_arb_mux(CS_WIDT...
Compiling module xil_defaultlib.mig_7series_v4_2_bank_mach(COL_W...
Compiling module unisims_ver.RAM32M
Compiling module xil_defaultlib.mig_7series_v4_2_col_mach(COL_WI...
Compiling module xil_defaultlib.mig_7series_v4_2_mc(CL=6,COL_WID...
Compiling module unisims_ver.OBUF
Compiling module unisims_ver.OBUFT
Compiling module unisims_ver.IOBUF_INTERMDISABLE(IBUF_LOW_PWR...
Compiling module unisims_ver.IOBUFDS_DIFF_OUT_INTERMDISABLE(D...
Compiling module unisims_ver.IDDR
Compiling module xil_defaultlib.mig_7series_v4_2_poc_pd_default
Compiling module xil_defaultlib.mig_7series_v4_2_ddr_of_pre_fifo...
Compiling module xil_defaultlib.mig_7series_v4_2_ddr_of_pre_fifo...
Compiling module unisims_ver.BUFIO
Compiling module xil_defaultlib.mig_7series_v4_2_ddr_of_pre_fifo...
Compiling secureip modules ...
Compiling module unisims_ver.PHASER_OUT_PHY(FINE_DELAY=60,MEM...
Compiling secureip modules ...
Compiling module unisims_ver.OUT_FIFO(ARRAY_MODE="ARRAY_MODE_...
Compiling secureip modules ...
Compiling module unisims_ver.OSERDESE2(DATA_RATE_OQ="SDR",DAT...
Compiling module xil_defaultlib.mig_7series_v4_2_ddr_byte_group_...
Compiling module unisims_ver.ODDR(DDR_CLK_EDGE="SAME_EDGE")
Compiling module unisims_ver.OBUFDS
Compiling module xil_defaultlib.mig_7series_v4_2_ddr_byte_lane(B...
Compiling module xil_defaultlib.mig_7series_v4_2_ddr_byte_group_...
Compiling module xil_defaultlib.mig_7series_v4_2_ddr_byte_lane(A...
Compiling module xil_defaultlib.mig_7series_v4_2_ddr_byte_group_...
Compiling module xil_defaultlib.mig_7series_v4_2_ddr_byte_lane(A...
Compiling module xil_defaultlib.mig_7series_v4_2_ddr_byte_group_...
Compiling module xil_defaultlib.mig_7series_v4_2_ddr_byte_lane(A...
Compiling secureip modules ...
Compiling module unisims_ver.PHY_CONTROL(AO_TOGGLE=1,BURST_MO...
Compiling module unisims_ver.PHASER_REF
Compiling module xil_defaultlib.mig_7series_v4_2_ddr_phy_4lanes(...
Compiling module xil_defaultlib.mig_7series_v4_2_ddr_if_post_fif...
Compiling secureip modules ...
Compiling module unisims_ver.PHASER_IN_PHY(BURST_MODE="TRUE",...
Compiling module unisims_ver.PHASER_OUT_PHY(CLKOUT_DIV=2,DATA...
Compiling secureip modules ...
Compiling module unisims_ver.IN_FIFO
Compiling module unisims_ver.OUT_FIFO
Compiling secureip modules ...
Compiling module unisims_ver.ISERDESE2(INTERFACE_TYPE="MEMORY...
Compiling module unisims_ver.IDELAYE2(HIGH_PERFORMANCE_MODE="...
Compiling secureip modules ...
Compiling module unisims_ver.OSERDESE2(DATA_WIDTH=32'sb0100,I...
Compiling secureip modules ...
Compiling module unisims_ver.OSERDESE2(DATA_WIDTH=32'sb0100,I...
Compiling module xil_defaultlib.mig_7series_v4_2_ddr_byte_group_...
Compiling module xil_defaultlib.mig_7series_v4_2_ddr_byte_lane(P...
Compiling module xil_defaultlib.mig_7series_v4_2_ddr_byte_group_...
Compiling module xil_defaultlib.mig_7series_v4_2_ddr_byte_lane(A...
Compiling module xil_defaultlib.mig_7series_v4_2_ddr_byte_group_...
Compiling module xil_defaultlib.mig_7series_v4_2_ddr_byte_lane(A...
Compiling module xil_defaultlib.mig_7series_v4_2_ddr_byte_group_...
Compiling module xil_defaultlib.mig_7series_v4_2_ddr_byte_lane(A...
Compiling module unisims_ver.PHY_CONTROL(AO_TOGGLE=1,BURST_MO...
Compiling module xil_defaultlib.mig_7series_v4_2_ddr_phy_4lanes(...
Compiling module xil_defaultlib.mig_7series_v4_2_ddr_mc_phy(BYTE...
Compiling module xil_defaultlib.mig_7series_v4_2_ddr_mc_phy_wrap...
Compiling module xil_defaultlib.mig_7series_v4_2_ddr_prbs_gen(DQ...
Compiling module xil_defaultlib.mig_7series_v4_2_ddr_phy_init(tC...
Compiling module xil_defaultlib.mig_7series_v4_2_ddr_phy_wrcal(n...
Compiling module xil_defaultlib.mig_7series_v4_2_ddr_phy_wrlvl(D...
Compiling module xil_defaultlib.mig_7series_v4_2_ddr_phy_ck_addr...
Compiling module xil_defaultlib.mig_7series_v4_2_ddr_phy_dqs_fou...
Compiling module xil_defaultlib.mig_7series_v4_2_ddr_phy_rdlvl(n...
Compiling module xil_defaultlib.mig_7series_v4_2_ddr_phy_prbs_rd...
Compiling module xil_defaultlib.mig_7series_v4_2_ddr_phy_tempmon...
Compiling module xil_defaultlib.mig_7series_v4_2_ddr_calib_top(n...
Compiling module xil_defaultlib.mig_7series_v4_2_ddr_phy_top(DDR...
Compiling module xil_defaultlib.mig_7series_v4_2_mem_intfc(DDR3_...
Compiling module xil_defaultlib.mig_7series_v4_2_ui_cmd(ADDR_WID...
Compiling module xil_defaultlib.mig_7series_v4_2_ui_wr_data(nCK_...
Compiling module xil_defaultlib.mig_7series_v4_2_ui_rd_data(nCK_...
Compiling module xil_defaultlib.mig_7series_v4_2_ui_top(COL_WIDT...
Compiling module xil_defaultlib.mig_7series_v4_2_ddr_axic_regist...
Compiling module xil_defaultlib.mig_7series_v4_2_ddr_axic_regist...
Compiling module xil_defaultlib.mig_7series_v4_2_ddr_axic_regist...
Compiling module xil_defaultlib.mig_7series_v4_2_ddr_axic_regist...
Compiling module xil_defaultlib.mig_7series_v4_2_ddr_axi_registe...
Compiling module xil_defaultlib.mig_7series_v4_2_ddr_axic_regist...
Compiling module xil_defaultlib.mig_7series_v4_2_ddr_axic_regist...
Compiling module xil_defaultlib.mig_7series_v4_2_ddr_axic_regist...
Compiling module xil_defaultlib.mig_7series_v4_2_ddr_axic_regist...
Compiling module xil_defaultlib.mig_7series_v4_2_ddr_axi_registe...
Compiling module xil_defaultlib.mig_7series_v4_2_ddr_axic_regist...
Compiling module xil_defaultlib.mig_7series_v4_2_ddr_axic_regist...
Compiling module xil_defaultlib.mig_7series_v4_2_ddr_axic_regist...
Compiling module xil_defaultlib.mig_7series_v4_2_ddr_axi_registe...
Compiling module unisims_ver.MUXCY
Compiling module unisims_ver.XORCY
Compiling module unisims_ver.AND2B1L
Compiling module xil_defaultlib.mig_7series_v4_2_ddr_carry_latch...
Compiling module xil_defaultlib.mig_7series_v4_2_ddr_carry_and(C...
Compiling module unisims_ver.OR2L
Compiling module xil_defaultlib.mig_7series_v4_2_ddr_carry_latch...
Compiling module unisims_ver.FDRE_default
Compiling module xil_defaultlib.mig_7series_v4_2_ddr_command_fif...
Compiling module xil_defaultlib.mig_7series_v4_2_ddr_a_upsizer(C...
Compiling module xil_defaultlib.mig_7series_v4_2_ddr_comparator_...
Compiling module xil_defaultlib.mig_7series_v4_2_ddr_carry_or(C_...
Compiling module unisims_ver.LUT6_2(INIT=64'b0101101001011010...
Compiling module unisims_ver.LUT6_2(INIT=64'b0110011001111000...
Compiling module unisims_ver.LUT4
Compiling module unisims_ver.LUT6
Compiling module unisims_ver.FDSE_default
Compiling module xil_defaultlib.mig_7series_v4_2_ddr_comparator_...
Compiling module xil_defaultlib.mig_7series_v4_2_ddr_comparator_...
Compiling module xil_defaultlib.mig_7series_v4_2_ddr_w_upsizer(C...
Compiling module xil_defaultlib.mig_7series_v4_2_ddr_a_upsizer(C...
Compiling module xil_defaultlib.mig_7series_v4_2_ddr_r_upsizer(C...
Compiling module xil_defaultlib.mig_7series_v4_2_ddr_axi_upsizer...
Compiling module xil_defaultlib.mig_7series_v4_2_ddr_axic_regist...
Compiling module xil_defaultlib.mig_7series_v4_2_ddr_axic_regist...
Compiling module xil_defaultlib.mig_7series_v4_2_ddr_axi_registe...
Compiling module xil_defaultlib.mig_7series_v4_2_axi_mc_incr_cmd...
Compiling module xil_defaultlib.mig_7series_v4_2_axi_mc_wrap_cmd...
Compiling module xil_defaultlib.mig_7series_v4_2_axi_mc_cmd_tran...
Compiling module xil_defaultlib.mig_7series_v4_2_axi_mc_wr_cmd_f...
Compiling module xil_defaultlib.mig_7series_v4_2_axi_mc_aw_chann...
Compiling module xil_defaultlib.mig_7series_v4_2_axi_mc_w_channe...
Compiling module xil_defaultlib.mig_7series_v4_2_axi_mc_fifo(C_W...
Compiling module xil_defaultlib.mig_7series_v4_2_axi_mc_b_channe...
Compiling module xil_defaultlib.mig_7series_v4_2_axi_mc_incr_cmd...
Compiling module xil_defaultlib.mig_7series_v4_2_axi_mc_wrap_cmd...
Compiling module xil_defaultlib.mig_7series_v4_2_axi_mc_cmd_tran...
Compiling module xil_defaultlib.mig_7series_v4_2_axi_mc_cmd_fsm(...
Compiling module xil_defaultlib.mig_7series_v4_2_axi_mc_ar_chann...
Compiling module xil_defaultlib.mig_7series_v4_2_axi_mc_fifo(C_W...
Compiling module xil_defaultlib.mig_7series_v4_2_axi_mc_fifo(C_W...
Compiling module xil_defaultlib.mig_7series_v4_2_axi_mc_r_channe...
Compiling module xil_defaultlib.mig_7series_v4_2_axi_mc_cmd_arbi...
Compiling module xil_defaultlib.mig_7series_v4_2_axi_mc(C_FAMILY...
Compiling module xil_defaultlib.mig_7series_v4_2_memc_ui_top_axi...
Compiling module xil_defaultlib.mcu_mig_7series_0_0_mig_default
Compiling module xil_defaultlib.mcu_mig_7series_0_0
Compiling architecture imp of entity proc_sys_reset_v5_0_13.lpf [\lpf(c_ext_rst_width=4,c_aux_rst...]
Compiling architecture imp of entity proc_sys_reset_v5_0_13.proc_sys_reset [\proc_sys_reset(c_family="artix7...]
Compiling architecture mcu_rst_clk_wiz_1_100m_0_arch of entity xil_defaultlib.mcu_rst_clk_wiz_1_100M_0 [mcu_rst_clk_wiz_1_100m_0_default]
Compiling module xil_defaultlib.mcu
Compiling module xil_defaultlib.mcu_wrapper
Compiling module xil_defaultlib.top
Compiling module xil_defaultlib.top_tb
Compiling module xil_defaultlib.glbl
Built simulation snapshot top_tb_behav
