#-----------------------------------------------------------
# Webtalk v2018.3 (64-bit)
# SW Build 2405991 on Thu Dec  6 23:38:27 MST 2018
# 
# Start of session at: Thu Mar 28 00:51:59 2019
# Process ID: 7032
# Current directory: C:/Users/espero/git/UFBmod/SW/webtalk
# Command line: wbtcv.exe -mode batch -source sdk_webtalk.tcl
# Log file: C:/Users/espero/git/UFBmod/SW/webtalk/webtalk.log
# Journal file: C:/Users/espero/git/UFBmod/SW/webtalk\webtalk.jou
#-----------------------------------------------------------
source sdk_webtalk.tcl
# webtalk_init -webtalk_dir C:\\Users\\espero\\git\\UFBmod\\SW\\webtalk
# webtalk_register_client -client project
# webtalk_add_data -client project -key date_generated -value "2019-03-28 00:51:57" -context "software_version_and_target_device"
# webtalk_add_data -client project -key product_version -value "SDK v2018.3" -context "software_version_and_target_device"
# webtalk_add_data -client project -key build_version -value "2018.3" -context "software_version_and_target_device"
# webtalk_add_data -client project -key os_platform -value "amd64" -context "software_version_and_target_device"
# webtalk_add_data -client project -key registration_id -value "" -context "software_version_and_target_device"
# webtalk_add_data -client project -key tool_flow -value "SDK" -context "software_version_and_target_device"
# webtalk_add_data -client project -key beta -value "false" -context "software_version_and_target_device"
# webtalk_add_data -client project -key route_design -value "NA" -context "software_version_and_target_device"
# webtalk_add_data -client project -key target_family -value "NA" -context "software_version_and_target_device"
# webtalk_add_data -client project -key target_device -value "NA" -context "software_version_and_target_device"
# webtalk_add_data -client project -key target_package -value "NA" -context "software_version_and_target_device"
# webtalk_add_data -client project -key target_speed -value "NA" -context "software_version_and_target_device"
# webtalk_add_data -client project -key random_id -value "cn45ndhpqhs0jjcakmlqle57d8" -context "software_version_and_target_device"
# webtalk_add_data -client project -key project_id -value "2018.3_5" -context "software_version_and_target_device"
# webtalk_add_data -client project -key project_iteration -value "5" -context "software_version_and_target_device"
# webtalk_add_data -client project -key os_name -value "Microsoft Windows 8 or later , 64-bit" -context "user_environment"
# webtalk_add_data -client project -key os_release -value "major release  (build 9200)" -context "user_environment"
# webtalk_add_data -client project -key cpu_name -value "Intel(R) Core(TM) i7 CPU         860  @ 2.80GHz" -context "user_environment"
# webtalk_add_data -client project -key cpu_speed -value "2793 MHz" -context "user_environment"
# webtalk_add_data -client project -key total_processors -value "1" -context "user_environment"
# webtalk_add_data -client project -key system_ram -value "8.566 GB" -context "user_environment"
# webtalk_register_client -client sdk
# webtalk_add_data -client sdk -key uid -value "1553729372146" -context "sdk\\\\hardware/1553729372146"
# webtalk_add_data -client sdk -key isZynq -value "false" -context "sdk\\\\hardware/1553729372146"
# webtalk_add_data -client sdk -key isZynqMP -value "false" -context "sdk\\\\hardware/1553729372146"
# webtalk_add_data -client sdk -key Processors -value "1" -context "sdk\\\\hardware/1553729372146"
# webtalk_add_data -client sdk -key VivadoVersion -value "2018.3" -context "sdk\\\\hardware/1553729372146"
# webtalk_add_data -client sdk -key Arch -value "artix7" -context "sdk\\\\hardware/1553729372146"
# webtalk_add_data -client sdk -key Device -value "7a35t" -context "sdk\\\\hardware/1553729372146"
# webtalk_add_data -client sdk -key IsHandoff -value "true" -context "sdk\\\\hardware/1553729372146"
# webtalk_add_data -client sdk -key os -value "NA" -context "sdk\\\\hardware/1553729372146"
# webtalk_add_data -client sdk -key apptemplate -value "NA" -context "sdk\\\\hardware/1553729372146"
# webtalk_add_data -client sdk -key RecordType -value "HWCreation" -context "sdk\\\\hardware/1553729372146"
# webtalk_add_data -client sdk -key uid -value "1553729489575" -context "sdk\\\\bsp/1553729489575"
# webtalk_add_data -client sdk -key hwid -value "1553729372146" -context "sdk\\\\bsp/1553729489575"
# webtalk_add_data -client sdk -key os -value "standalone" -context "sdk\\\\bsp/1553729489575"
# webtalk_add_data -client sdk -key apptemplate -value "srec_spi_bootloader" -context "sdk\\\\bsp/1553729489575"
# webtalk_add_data -client sdk -key RecordType -value "BSPCreation" -context "sdk\\\\bsp/1553729489575"
# webtalk_add_data -client sdk -key uid -value "1553729493262" -context "sdk\\\\application/1553729493262"
# webtalk_add_data -client sdk -key hwid -value "1553729372146" -context "sdk\\\\application/1553729493262"
# webtalk_add_data -client sdk -key bspid -value "1553729489575" -context "sdk\\\\application/1553729493262"
# webtalk_add_data -client sdk -key newbsp -value "true" -context "sdk\\\\application/1553729493262"
# webtalk_add_data -client sdk -key os -value "standalone" -context "sdk\\\\application/1553729493262"
# webtalk_add_data -client sdk -key apptemplate -value "srec_spi_bootloader" -context "sdk\\\\application/1553729493262"
# webtalk_add_data -client sdk -key RecordType -value "APPCreation" -context "sdk\\\\application/1553729493262"
# webtalk_add_data -client sdk -key LangUsed -value "C" -context "sdk\\\\application/1553729493262"
# webtalk_add_data -client sdk -key Procused -value "microblaze" -context "sdk\\\\application/1553729493262"
# webtalk_add_data -client sdk -key projSize -value "134.75" -context "sdk\\\\application/1553729493262"
# webtalk_add_data -client sdk -key uid -value "1553729821421" -context "sdk\\\\bsp/1553729821421"
# webtalk_add_data -client sdk -key hwid -value "1553729372146" -context "sdk\\\\bsp/1553729821421"
# webtalk_add_data -client sdk -key os -value "standalone" -context "sdk\\\\bsp/1553729821421"
# webtalk_add_data -client sdk -key apptemplate -value "hello_world" -context "sdk\\\\bsp/1553729821421"
# webtalk_add_data -client sdk -key RecordType -value "BSPCreation" -context "sdk\\\\bsp/1553729821421"
# webtalk_add_data -client sdk -key uid -value "1553729823552" -context "sdk\\\\application/1553729823552"
# webtalk_add_data -client sdk -key hwid -value "1553729372146" -context "sdk\\\\application/1553729823552"
# webtalk_add_data -client sdk -key bspid -value "1553729821421" -context "sdk\\\\application/1553729823552"
# webtalk_add_data -client sdk -key newbsp -value "true" -context "sdk\\\\application/1553729823552"
# webtalk_add_data -client sdk -key os -value "standalone" -context "sdk\\\\application/1553729823552"
# webtalk_add_data -client sdk -key apptemplate -value "hello_world" -context "sdk\\\\application/1553729823552"
# webtalk_add_data -client sdk -key RecordType -value "APPCreation" -context "sdk\\\\application/1553729823552"
# webtalk_add_data -client sdk -key LangUsed -value "C" -context "sdk\\\\application/1553729823552"
# webtalk_add_data -client sdk -key Procused -value "microblaze" -context "sdk\\\\application/1553729823552"
# webtalk_add_data -client sdk -key projSize -value "96.640625" -context "sdk\\\\application/1553729823552"
# webtalk_add_data -client sdk -key uid -value "NA" -context "sdk\\\\bsp/1553730717636"
# webtalk_add_data -client sdk -key RecordType -value "ToolUsage" -context "sdk\\\\bsp/1553730717636"
# webtalk_add_data -client sdk -key BootgenCount -value "0" -context "sdk\\\\bsp/1553730717636"
# webtalk_add_data -client sdk -key DebugCount -value "4" -context "sdk\\\\bsp/1553730717636"
# webtalk_add_data -client sdk -key PerfCount -value "0" -context "sdk\\\\bsp/1553730717636"
# webtalk_add_data -client sdk -key FlashCount -value "2" -context "sdk\\\\bsp/1553730717636"
# webtalk_add_data -client sdk -key CrossTriggCount -value "0" -context "sdk\\\\bsp/1553730717636"
# webtalk_add_data -client sdk -key QemuDebugCount -value "0" -context "sdk\\\\bsp/1553730717636"
# webtalk_transmit -clientid 118740686 -regid "" -xml C:\\Users\\espero\\git\\UFBmod\\SW\\webtalk\\usage_statistics_ext_sdk.xml -html C:\\Users\\espero\\git\\UFBmod\\SW\\webtalk\\usage_statistics_ext_sdk.html -wdm C:\\Users\\espero\\git\\UFBmod\\SW\\webtalk\\sdk_webtalk.wdm -intro "<H3>SDK Usage Report</H3><BR>"
# webtalk_terminate
INFO: [Common 17-206] Exiting Webtalk at Thu Mar 28 00:52:04 2019...
