10:41:08 **** Auto Build of project sreg_spi_bootloader_bsp ****
make -k all 
"Running Make include in microblaze_0/libsrc/bram_v4_2/src"
make -C microblaze_0/libsrc/bram_v4_2/src -s include  "SHELL=CMD" "COMPILER=mb-gcc" "ARCHIVER=mb-ar" "COMPILER_FLAGS=  -O2 -c -mcpu=v11.0 -mhard-float -mlittle-endian -mno-xl-reorder -mno-xl-soft-div -mno-xl-soft-mul -mxl-barrel-shift -mxl-float-convert -mxl-float-sqrt -mxl-multiply-high -mxl-pattern-compare" "EXTRA_COMPILER_FLAGS=-ffunction-sections -fdata-sections -Wall -Wextra"
"Running Make include in microblaze_0/libsrc/clk_wiz_v1_2/src"
make -C microblaze_0/libsrc/clk_wiz_v1_2/src -s include  "SHELL=CMD" "COMPILER=mb-gcc" "ARCHIVER=mb-ar" "COMPILER_FLAGS=  -O2 -c -mcpu=v11.0 -mhard-float -mlittle-endian -mno-xl-reorder -mno-xl-soft-div -mno-xl-soft-mul -mxl-barrel-shift -mxl-float-convert -mxl-float-sqrt -mxl-multiply-high -mxl-pattern-compare" "EXTRA_COMPILER_FLAGS=-ffunction-sections -fdata-sections -Wall -Wextra"
"Running Make include in microblaze_0/libsrc/cpu_v2_8/src"
make -C microblaze_0/libsrc/cpu_v2_8/src -s include  "SHELL=CMD" "COMPILER=mb-gcc" "ARCHIVER=mb-ar" "COMPILER_FLAGS=  -O2 -c -mcpu=v11.0 -mhard-float -mlittle-endian -mno-xl-reorder -mno-xl-soft-div -mno-xl-soft-mul -mxl-barrel-shift -mxl-float-convert -mxl-float-sqrt -mxl-multiply-high -mxl-pattern-compare" "EXTRA_COMPILER_FLAGS=-ffunction-sections -fdata-sections -Wall -Wextra"
"Running Make include in microblaze_0/libsrc/gpio_v4_3/src"
make -C microblaze_0/libsrc/gpio_v4_3/src -s include  "SHELL=CMD" "COMPILER=mb-gcc" "ARCHIVER=mb-ar" "COMPILER_FLAGS=  -O2 -c -mcpu=v11.0 -mhard-float -mlittle-endian -mno-xl-reorder -mno-xl-soft-div -mno-xl-soft-mul -mxl-barrel-shift -mxl-float-convert -mxl-float-sqrt -mxl-multiply-high -mxl-pattern-compare" "EXTRA_COMPILER_FLAGS=-ffunction-sections -fdata-sections -Wall -Wextra"
"Running Make include in microblaze_0/libsrc/intc_v3_8/src"
make -C microblaze_0/libsrc/intc_v3_8/src -s include  "SHELL=CMD" "COMPILER=mb-gcc" "ARCHIVER=mb-ar" "COMPILER_FLAGS=  -O2 -c -mcpu=v11.0 -mhard-float -mlittle-endian -mno-xl-reorder -mno-xl-soft-div -mno-xl-soft-mul -mxl-barrel-shift -mxl-float-convert -mxl-float-sqrt -mxl-multiply-high -mxl-pattern-compare" "EXTRA_COMPILER_FLAGS=-ffunction-sections -fdata-sections -Wall -Wextra"
"Running Make include in microblaze_0/libsrc/spi_v4_4/src"
make -C microblaze_0/libsrc/spi_v4_4/src -s include  "SHELL=CMD" "COMPILER=mb-gcc" "ARCHIVER=mb-ar" "COMPILER_FLAGS=  -O2 -c -mcpu=v11.0 -mhard-float -mlittle-endian -mno-xl-reorder -mno-xl-soft-div -mno-xl-soft-mul -mxl-barrel-shift -mxl-float-convert -mxl-float-sqrt -mxl-multiply-high -mxl-pattern-compare" "EXTRA_COMPILER_FLAGS=-ffunction-sections -fdata-sections -Wall -Wextra"
"Running Make include in microblaze_0/libsrc/standalone_v6_8/src"
make -C microblaze_0/libsrc/standalone_v6_8/src -s include  "SHELL=CMD" "COMPILER=mb-gcc" "ARCHIVER=mb-ar" "COMPILER_FLAGS=  -O2 -c -mcpu=v11.0 -mhard-float -mlittle-endian -mno-xl-reorder -mno-xl-soft-div -mno-xl-soft-mul -mxl-barrel-shift -mxl-float-convert -mxl-float-sqrt -mxl-multiply-high -mxl-pattern-compare" "EXTRA_COMPILER_FLAGS=-ffunction-sections -fdata-sections -Wall -Wextra"
"Running Make include in microblaze_0/libsrc/sysmon_v7_5/src"
make -C microblaze_0/libsrc/sysmon_v7_5/src -s include  "SHELL=CMD" "COMPILER=mb-gcc" "ARCHIVER=mb-ar" "COMPILER_FLAGS=  -O2 -c -mcpu=v11.0 -mhard-float -mlittle-endian -mno-xl-reorder -mno-xl-soft-div -mno-xl-soft-mul -mxl-barrel-shift -mxl-float-convert -mxl-float-sqrt -mxl-multiply-high -mxl-pattern-compare" "EXTRA_COMPILER_FLAGS=-ffunction-sections -fdata-sections -Wall -Wextra"
"Running Make include in microblaze_0/libsrc/tmrctr_v4_5/src"
make -C microblaze_0/libsrc/tmrctr_v4_5/src -s include  "SHELL=CMD" "COMPILER=mb-gcc" "ARCHIVER=mb-ar" "COMPILER_FLAGS=  -O2 -c -mcpu=v11.0 -mhard-float -mlittle-endian -mno-xl-reorder -mno-xl-soft-div -mno-xl-soft-mul -mxl-barrel-shift -mxl-float-convert -mxl-float-sqrt -mxl-multiply-high -mxl-pattern-compare" "EXTRA_COMPILER_FLAGS=-ffunction-sections -fdata-sections -Wall -Wextra"
"Running Make include in microblaze_0/libsrc/uartlite_v3_2/src"
make -C microblaze_0/libsrc/uartlite_v3_2/src -s include  "SHELL=CMD" "COMPILER=mb-gcc" "ARCHIVER=mb-ar" "COMPILER_FLAGS=  -O2 -c -mcpu=v11.0 -mhard-float -mlittle-endian -mno-xl-reorder -mno-xl-soft-div -mno-xl-soft-mul -mxl-barrel-shift -mxl-float-convert -mxl-float-sqrt -mxl-multiply-high -mxl-pattern-compare" "EXTRA_COMPILER_FLAGS=-ffunction-sections -fdata-sections -Wall -Wextra"
"Running Make include in microblaze_0/libsrc/uartns550_v3_5/src"
make -C microblaze_0/libsrc/uartns550_v3_5/src -s include  "SHELL=CMD" "COMPILER=mb-gcc" "ARCHIVER=mb-ar" "COMPILER_FLAGS=  -O2 -c -mcpu=v11.0 -mhard-float -mlittle-endian -mno-xl-reorder -mno-xl-soft-div -mno-xl-soft-mul -mxl-barrel-shift -mxl-float-convert -mxl-float-sqrt -mxl-multiply-high -mxl-pattern-compare" "EXTRA_COMPILER_FLAGS=-ffunction-sections -fdata-sections -Wall -Wextra"
"Running Make include in microblaze_0/libsrc/xilisf_v5_12/src"
make -C microblaze_0/libsrc/xilisf_v5_12/src -s include  "SHELL=CMD" "COMPILER=mb-gcc" "ARCHIVER=mb-ar" "COMPILER_FLAGS=  -O2 -c -mcpu=v11.0 -mhard-float -mlittle-endian -mno-xl-reorder -mno-xl-soft-div -mno-xl-soft-mul -mxl-barrel-shift -mxl-float-convert -mxl-float-sqrt -mxl-multiply-high -mxl-pattern-compare" "EXTRA_COMPILER_FLAGS=-ffunction-sections -fdata-sections -Wall -Wextra"
"Running Make libs in microblaze_0/libsrc/bram_v4_2/src"
make -C microblaze_0/libsrc/bram_v4_2/src -s libs  "SHELL=CMD" "COMPILER=mb-gcc" "ARCHIVER=mb-ar" "COMPILER_FLAGS=  -O2 -c -mcpu=v11.0 -mhard-float -mlittle-endian -mno-xl-reorder -mno-xl-soft-div -mno-xl-soft-mul -mxl-barrel-shift -mxl-float-convert -mxl-float-sqrt -mxl-multiply-high -mxl-pattern-compare" "EXTRA_COMPILER_FLAGS=-ffunction-sections -fdata-sections -Wall -Wextra"
"Compiling bram"
mb-ar: creating ../../../lib/libxil.a
"Running Make libs in microblaze_0/libsrc/clk_wiz_v1_2/src"
make -C microblaze_0/libsrc/clk_wiz_v1_2/src -s libs  "SHELL=CMD" "COMPILER=mb-gcc" "ARCHIVER=mb-ar" "COMPILER_FLAGS=  -O2 -c -mcpu=v11.0 -mhard-float -mlittle-endian -mno-xl-reorder -mno-xl-soft-div -mno-xl-soft-mul -mxl-barrel-shift -mxl-float-convert -mxl-float-sqrt -mxl-multiply-high -mxl-pattern-compare" "EXTRA_COMPILER_FLAGS=-ffunction-sections -fdata-sections -Wall -Wextra"
"Compiling Clkocking Wizard"
"Running Make libs in microblaze_0/libsrc/cpu_v2_8/src"
make -C microblaze_0/libsrc/cpu_v2_8/src -s libs  "SHELL=CMD" "COMPILER=mb-gcc" "ARCHIVER=mb-ar" "COMPILER_FLAGS=  -O2 -c -mcpu=v11.0 -mhard-float -mlittle-endian -mno-xl-reorder -mno-xl-soft-div -mno-xl-soft-mul -mxl-barrel-shift -mxl-float-convert -mxl-float-sqrt -mxl-multiply-high -mxl-pattern-compare" "EXTRA_COMPILER_FLAGS=-ffunction-sections -fdata-sections -Wall -Wextra"
"Compiling cpu"
"Running Make libs in microblaze_0/libsrc/gpio_v4_3/src"
make -C microblaze_0/libsrc/gpio_v4_3/src -s libs  "SHELL=CMD" "COMPILER=mb-gcc" "ARCHIVER=mb-ar" "COMPILER_FLAGS=  -O2 -c -mcpu=v11.0 -mhard-float -mlittle-endian -mno-xl-reorder -mno-xl-soft-div -mno-xl-soft-mul -mxl-barrel-shift -mxl-float-convert -mxl-float-sqrt -mxl-multiply-high -mxl-pattern-compare" "EXTRA_COMPILER_FLAGS=-ffunction-sections -fdata-sections -Wall -Wextra"
"Compiling gpio"
"Running Make libs in microblaze_0/libsrc/intc_v3_8/src"
make -C microblaze_0/libsrc/intc_v3_8/src -s libs  "SHELL=CMD" "COMPILER=mb-gcc" "ARCHIVER=mb-ar" "COMPILER_FLAGS=  -O2 -c -mcpu=v11.0 -mhard-float -mlittle-endian -mno-xl-reorder -mno-xl-soft-div -mno-xl-soft-mul -mxl-barrel-shift -mxl-float-convert -mxl-float-sqrt -mxl-multiply-high -mxl-pattern-compare" "EXTRA_COMPILER_FLAGS=-ffunction-sections -fdata-sections -Wall -Wextra"
"Compiling intc"
"Running Make libs in microblaze_0/libsrc/spi_v4_4/src"
make -C microblaze_0/libsrc/spi_v4_4/src -s libs  "SHELL=CMD" "COMPILER=mb-gcc" "ARCHIVER=mb-ar" "COMPILER_FLAGS=  -O2 -c -mcpu=v11.0 -mhard-float -mlittle-endian -mno-xl-reorder -mno-xl-soft-div -mno-xl-soft-mul -mxl-barrel-shift -mxl-float-convert -mxl-float-sqrt -mxl-multiply-high -mxl-pattern-compare" "EXTRA_COMPILER_FLAGS=-ffunction-sections -fdata-sections -Wall -Wextra"
"Compiling spi"
"Running Make libs in microblaze_0/libsrc/standalone_v6_8/src"
make -C microblaze_0/libsrc/standalone_v6_8/src -s libs  "SHELL=CMD" "COMPILER=mb-gcc" "ARCHIVER=mb-ar" "COMPILER_FLAGS=  -O2 -c -mcpu=v11.0 -mhard-float -mlittle-endian -mno-xl-reorder -mno-xl-soft-div -mno-xl-soft-mul -mxl-barrel-shift -mxl-float-convert -mxl-float-sqrt -mxl-multiply-high -mxl-pattern-compare" "EXTRA_COMPILER_FLAGS=-ffunction-sections -fdata-sections -Wall -Wextra"
"Compiling standalone";
microblaze_sleep.c:77:9: note: #pragma message: For the sleep routines, assembly instructions are used
 #pragma message ("For the sleep routines, assembly instructions are used")
         ^~~~~~~
"Running Make libs in microblaze_0/libsrc/sysmon_v7_5/src"
make -C microblaze_0/libsrc/sysmon_v7_5/src -s libs  "SHELL=CMD" "COMPILER=mb-gcc" "ARCHIVER=mb-ar" "COMPILER_FLAGS=  -O2 -c -mcpu=v11.0 -mhard-float -mlittle-endian -mno-xl-reorder -mno-xl-soft-div -mno-xl-soft-mul -mxl-barrel-shift -mxl-float-convert -mxl-float-sqrt -mxl-multiply-high -mxl-pattern-compare" "EXTRA_COMPILER_FLAGS=-ffunction-sections -fdata-sections -Wall -Wextra"
"Compiling sysmon"
"Running Make libs in microblaze_0/libsrc/tmrctr_v4_5/src"
make -C microblaze_0/libsrc/tmrctr_v4_5/src -s libs  "SHELL=CMD" "COMPILER=mb-gcc" "ARCHIVER=mb-ar" "COMPILER_FLAGS=  -O2 -c -mcpu=v11.0 -mhard-float -mlittle-endian -mno-xl-reorder -mno-xl-soft-div -mno-xl-soft-mul -mxl-barrel-shift -mxl-float-convert -mxl-float-sqrt -mxl-multiply-high -mxl-pattern-compare" "EXTRA_COMPILER_FLAGS=-ffunction-sections -fdata-sections -Wall -Wextra"
"Compiling tmrctr"
"Running Make libs in microblaze_0/libsrc/uartlite_v3_2/src"
make -C microblaze_0/libsrc/uartlite_v3_2/src -s libs  "SHELL=CMD" "COMPILER=mb-gcc" "ARCHIVER=mb-ar" "COMPILER_FLAGS=  -O2 -c -mcpu=v11.0 -mhard-float -mlittle-endian -mno-xl-reorder -mno-xl-soft-div -mno-xl-soft-mul -mxl-barrel-shift -mxl-float-convert -mxl-float-sqrt -mxl-multiply-high -mxl-pattern-compare" "EXTRA_COMPILER_FLAGS=-ffunction-sections -fdata-sections -Wall -Wextra"
"Compiling uartlite"
"Running Make libs in microblaze_0/libsrc/uartns550_v3_5/src"
make -C microblaze_0/libsrc/uartns550_v3_5/src -s libs  "SHELL=CMD" "COMPILER=mb-gcc" "ARCHIVER=mb-ar" "COMPILER_FLAGS=  -O2 -c -mcpu=v11.0 -mhard-float -mlittle-endian -mno-xl-reorder -mno-xl-soft-div -mno-xl-soft-mul -mxl-barrel-shift -mxl-float-convert -mxl-float-sqrt -mxl-multiply-high -mxl-pattern-compare" "EXTRA_COMPILER_FLAGS=-ffunction-sections -fdata-sections -Wall -Wextra"
"Compiling uartns550"
xuartns550_g.c:49:2: warning: missing initializer for field 'DefaultBaudRate' of 'XUartNs550_Config {aka struct <anonymous>}' [-Wmissing-field-initializers]
  }
  ^
In file included from xuartns550_g.c:37:0:
xuartns550.h:319:6: note: 'DefaultBaudRate' declared here
  u32 DefaultBaudRate; /**< Baud Rate in bps, ie 1200 */
      ^~~~~~~~~~~~~~~
"Running Make libs in microblaze_0/libsrc/xilisf_v5_12/src"
make -C microblaze_0/libsrc/xilisf_v5_12/src -s libs  "SHELL=CMD" "COMPILER=mb-gcc" "ARCHIVER=mb-ar" "COMPILER_FLAGS=  -O2 -c -mcpu=v11.0 -mhard-float -mlittle-endian -mno-xl-reorder -mno-xl-soft-div -mno-xl-soft-mul -mxl-barrel-shift -mxl-float-convert -mxl-float-sqrt -mxl-multiply-high -mxl-pattern-compare" "EXTRA_COMPILER_FLAGS=-ffunction-sections -fdata-sections -Wall -Wextra"
"Compiling XilIsf Library"
xilisf_erase.c: In function 'SectorErase':
xilisf_erase.c:328:14: warning: unused variable 'ReadStatusCmd' [-Wunused-variable]
  u8 FSRFlag, ReadStatusCmd;
              ^~~~~~~~~~~~~
xilisf_erase.c:328:5: warning: unused variable 'FSRFlag' [-Wunused-variable]
  u8 FSRFlag, ReadStatusCmd;
     ^~~~~~~
xilisf_erase.c:326:5: warning: unused variable 'FlashStatus' [-Wunused-variable]
  u8 FlashStatus[2] = {0};
     ^~~~~~~~~~~
xilisf_erase.c:324:5: warning: unused variable 'ReadFlagSRCmd' [-Wunused-variable]
  u8 ReadFlagSRCmd[] = {READ_FLAG_STATUS_CMD, 0};
     ^~~~~~~~~~~~~
xilisf_erase.c:323:5: warning: unused variable 'ReadStatusCmdBuf' [-Wunused-variable]
  u8 ReadStatusCmdBuf[] = { READ_STATUS_CMD, 0 };
     ^~~~~~~~~~~~~~~~
xilisf_erase.c:322:5: warning: unused variable 'FlagStatus' [-Wunused-variable]
  u8 FlagStatus[2] = {0};
     ^~~~~~~~~~
xilisf_erase.c: In function 'SubSectorErase':
xilisf_erase.c:580:5: warning: unused variable 'FlashStatus' [-Wunused-variable]
  u8 FlashStatus[2] = {0};
     ^~~~~~~~~~~
xilisf_erase.c:578:5: warning: unused variable 'ReadFlagSRCmd' [-Wunused-variable]
  u8 ReadFlagSRCmd[] = {READ_FLAG_STATUS_CMD, 0};
     ^~~~~~~~~~~~~
xilisf_erase.c:577:5: warning: unused variable 'ReadStatusCmdBuf' [-Wunused-variable]
  u8 ReadStatusCmdBuf[] = { READ_STATUS_CMD, 0 };
     ^~~~~~~~~~~~~~~~
xilisf_erase.c:576:5: warning: unused variable 'FlagStatus' [-Wunused-variable]
  u8 FlagStatus[2] = {0};
     ^~~~~~~~~~
xilisf_write.c: In function 'WriteData':
xilisf_write.c:453:5: warning: unused variable 'ReadFlagSRCmd' [-Wunused-variable]
  u8 ReadFlagSRCmd[] = {READ_FLAG_STATUS_CMD, 0};
     ^~~~~~~~~~~~~
xilisf_write.c:452:5: warning: unused variable 'ReadStatusCmdBuf' [-Wunused-variable]
  u8 ReadStatusCmdBuf[] = { READ_STATUS_CMD, 0 };
     ^~~~~~~~~~~~~~~~
xilisf_write.c:439:5: warning: unused variable 'FlashStatus' [-Wunused-variable]
  u8 FlashStatus[2] = {0};
     ^~~~~~~~~~~
xilisf_write.c:437:5: warning: unused variable 'FlagStatus' [-Wunused-variable]
  u8 FlagStatus[2] = {0};
     ^~~~~~~~~~
xilisf_write.c:432:6: warning: unused variable 'BankSel' [-Wunused-variable]
  u32 BankSel;
      ^~~~~~~
xilisf_write.c:430:5: warning: unused variable 'Mode' [-Wunused-variable]
  u8 Mode;
     ^~~~
xilisf.c: In function 'XIsf_RegisterInterface':
xilisf.c:1522:37: warning: assignment from incompatible pointer type [-Wincompatible-pointer-types]
  InstancePtr->XIsf_Iface_SetOptions = XSpi_SetOptions;
                                     ^
xilisf.c:1523:41: warning: assignment from incompatible pointer type [-Wincompatible-pointer-types]
  InstancePtr->XIsf_Iface_SetSlaveSelect = XSpi_SetSlaveSelect;
                                         ^
xilisf.c:1524:35: warning: assignment from incompatible pointer type [-Wincompatible-pointer-types]
  InstancePtr->XIsf_Iface_Transfer = XSpi_Transfer;
                                   ^
xilisf.c: In function 'XIsf_MicronFlashEnter4BAddMode':
xilisf.c:1715:6: warning: variable 'FlashMake' set but not used [-Wunused-but-set-variable]
  u8  FlashMake;
      ^~~~~~~~~
xilisf.c: In function 'XIsf_MicronFlashExit4BAddMode':
xilisf.c:1849:5: warning: variable 'FlashMake' set but not used [-Wunused-but-set-variable]
  u8 FlashMake;
     ^~~~~~~~~
xilisf.c: In function 'GetRealAddr':
xilisf.c:2447:6: warning: unused variable 'LqspiCr' [-Wunused-variable]
  u32 LqspiCr;
      ^~~~~~~
xilisf.c:2444:29: warning: unused parameter 'QspiPtr' [-Wunused-parameter]
 u32 GetRealAddr(XIsf_Iface *QspiPtr, u32 Address)
                             ^~~~~~~
At top level:
xilisf.c:714:12: warning: 'XIsf_FCTIndex' defined but not used [-Wunused-variable]
 static u32 XIsf_FCTIndex;
            ^~~~~~~~~~~~~
'Finished building libraries'

10:41:21 Build Finished (took 13s.193ms)

